<?xml version="1.0" encoding="UTF-8"?>
<testsuite name="cuong.MyIssueServiceTest" time="0.017" tests="5" errors="5" skipped="0" failures="0">
  <properties>
[...]
</properties>
  <testcase name="testFindByProject" classname="cuong.MyIssueServiceTest" time="0.013">
    <error message="Failed to load ApplicationContext" type="java.lang.IllegalStateException">java.lang.IllegalStateException: Failed to load ApplicationContext
	at org.springframework.test.context.cache.DefaultCacheAwareContextLoaderDelegate.loadContext(DefaultCacheAwareContextLoaderDelegate.java:124)
	at org.springframework.test.context.support.DefaultTestContext.getApplicationContext(DefaultTestContext.java:83)
	at org.springframework.test.context.support.DependencyInjectionTestExecutionListener.injectDependencies(DependencyInjectionTestExecutionListener.java:117)
	at org.springframework.test.context.support.DependencyInjectionTestExecutionListener.prepareTestInstance(DependencyInjectionTestExecutionListener.java:83)
	at org.springframework.boot.test.autoconfigure.SpringBootDependencyInjectionTestExecutionListener.prepareTestInstance(SpringBootDependencyInjectionTestExecutionListener.java:44)
	at org.springframework.test.context.TestContextManager.prepareTestInstance(TestContextManager.java:230)
	at org.springframework.test.context.junit4.SpringJUnit4ClassRunner.createTest(SpringJUnit4ClassRunner.java:228)
	at org.springframework.test.context.junit4.SpringJUnit4ClassRunner$1.runReflectiveCall(SpringJUnit4ClassRunner.java:287)
	at org.junit.internal.runners.model.ReflectiveCallable.run(ReflectiveCallable.java:12)
	at org.springframework.test.context.junit4.SpringJUnit4ClassRunner.methodBlock(SpringJUnit4ClassRunner.java:289)
	at org.springframework.test.context.junit4.SpringJUnit4ClassRunner.runChild(SpringJUnit4ClassRunner.java:247)
	at org.springframework.test.context.junit4.SpringJUnit4ClassRunner.runChild(SpringJUnit4ClassRunner.java:94)
	at org.junit.runners.ParentRunner$3.run(ParentRunner.java:290)
	at org.junit.runners.ParentRunner$1.schedule(ParentRunner.java:71)
	at org.junit.runners.ParentRunner.runChildren(ParentRunner.java:288)
	at org.junit.runners.ParentRunner.access$000(ParentRunner.java:58)
	at org.junit.runners.ParentRunner$2.evaluate(ParentRunner.java:268)
	at org.springframework.test.context.junit4.statements.RunBeforeTestClassCallbacks.evaluate(RunBeforeTestClassCallbacks.java:61)
	at org.springframework.test.context.junit4.statements.RunAfterTestClassCallbacks.evaluate(RunAfterTestClassCallbacks.java:70)
	at org.junit.runners.ParentRunner.run(ParentRunner.java:363)
	at org.springframework.test.context.junit4.SpringJUnit4ClassRunner.run(SpringJUnit4ClassRunner.java:191)
	at org.apache.maven.surefire.junit4.JUnit4Provider.execute(JUnit4Provider.java:283)
	at org.apache.maven.surefire.junit4.JUnit4Provider.executeWithRerun(JUnit4Provider.java:173)
	at org.apache.maven.surefire.junit4.JUnit4Provider.executeTestSet(JUnit4Provider.java:153)
	at org.apache.maven.surefire.junit4.JUnit4Provider.invoke(JUnit4Provider.java:128)
	at org.apache.maven.surefire.booter.ForkedBooter.invokeProviderInSameClassLoader(ForkedBooter.java:203)
	at org.apache.maven.surefire.booter.ForkedBooter.runSuitesInProcess(ForkedBooter.java:155)
	at org.apache.maven.surefire.booter.ForkedBooter.main(ForkedBooter.java:103)
Caused by: java.lang.IllegalStateException: Failed to execute CommandLineRunner
	at org.springframework.boot.SpringApplication.callRunner(SpringApplication.java:735)
	at org.springframework.boot.SpringApplication.callRunners(SpringApplication.java:716)
	at org.springframework.boot.SpringApplication.afterRefresh(SpringApplication.java:703)
	at org.springframework.boot.SpringApplication.run(SpringApplication.java:304)
	at org.springframework.boot.test.context.SpringBootContextLoader.loadContext(SpringBootContextLoader.java:120)
	at org.springframework.test.context.cache.DefaultCacheAwareContextLoaderDelegate.loadContextInternal(DefaultCacheAwareContextLoaderDelegate.java:98)
	at org.springframework.test.context.cache.DefaultCacheAwareContextLoaderDelegate.loadContext(DefaultCacheAwareContextLoaderDelegate.java:116)
	at org.springframework.test.context.support.DefaultTestContext.getApplicationContext(DefaultTestContext.java:83)
	at org.springframework.test.context.support.DependencyInjectionTestExecutionListener.injectDependencies(DependencyInjectionTestExecutionListener.java:117)
	at org.springframework.test.context.support.DependencyInjectionTestExecutionListener.prepareTestInstance(DependencyInjectionTestExecutionListener.java:83)
	at org.springframework.boot.test.autoconfigure.SpringBootDependencyInjectionTestExecutionListener.prepareTestInstance(SpringBootDependencyInjectionTestExecutionListener.java:44)
	at org.springframework.test.context.TestContextManager.prepareTestInstance(TestContextManager.java:230)
	at org.springframework.test.context.junit4.SpringJUnit4ClassRunner.createTest(SpringJUnit4ClassRunner.java:228)
	at org.springframework.test.context.junit4.SpringJUnit4ClassRunner$1.runReflectiveCall(SpringJUnit4ClassRunner.java:287)
	at org.junit.internal.runners.model.ReflectiveCallable.run(ReflectiveCallable.java:12)
	at org.springframework.test.context.junit4.SpringJUnit4ClassRunner.methodBlock(SpringJUnit4ClassRunner.java:289)
	at org.springframework.test.context.junit4.SpringJUnit4ClassRunner.runChild(SpringJUnit4ClassRunner.java:247)
	at org.springframework.test.context.junit4.SpringJUnit4ClassRunner.runChild(SpringJUnit4ClassRunner.java:94)
	at org.junit.runners.ParentRunner$3.run(ParentRunner.java:290)
	at org.junit.runners.ParentRunner$1.schedule(ParentRunner.java:71)
	at org.junit.runners.ParentRunner.runChildren(ParentRunner.java:288)
	at org.junit.runners.ParentRunner.access$000(ParentRunner.java:58)
	at org.junit.runners.ParentRunner$2.evaluate(ParentRunner.java:268)
	at org.springframework.test.context.junit4.statements.RunBeforeTestClassCallbacks.evaluate(RunBeforeTestClassCallbacks.java:61)
	at org.springframework.test.context.junit4.statements.RunAfterTestClassCallbacks.evaluate(RunAfterTestClassCallbacks.java:70)
	at org.junit.runners.ParentRunner.run(ParentRunner.java:363)
	at org.springframework.test.context.junit4.SpringJUnit4ClassRunner.run(SpringJUnit4ClassRunner.java:191)
	at org.apache.maven.surefire.junit4.JUnit4Provider.execute(JUnit4Provider.java:283)
	at org.apache.maven.surefire.junit4.JUnit4Provider.executeWithRerun(JUnit4Provider.java:173)
	at org.apache.maven.surefire.junit4.JUnit4Provider.executeTestSet(JUnit4Provider.java:153)
	at org.apache.maven.surefire.junit4.JUnit4Provider.invoke(JUnit4Provider.java:128)
	at org.apache.maven.surefire.booter.ForkedBooter.invokeProviderInSameClassLoader(ForkedBooter.java:203)
	at org.apache.maven.surefire.booter.ForkedBooter.runSuitesInProcess(ForkedBooter.java:155)
	at org.apache.maven.surefire.booter.ForkedBooter.main(ForkedBooter.java:103)
Caused by: org.elasticsearch.index.mapper.MapperParsingException: failed to parse [startdate]
	at org.elasticsearch.index.mapper.FieldMapper.parse(FieldMapper.java:329)
	at org.elasticsearch.index.mapper.DocumentParser.parseObjectOrField(DocumentParser.java:311)
	at org.elasticsearch.index.mapper.DocumentParser.parseValue(DocumentParser.java:438)
	at org.elasticsearch.index.mapper.DocumentParser.parseObject(DocumentParser.java:264)
	at org.elasticsearch.index.mapper.DocumentParser.parseDocument(DocumentParser.java:124)
	at org.elasticsearch.index.mapper.DocumentMapper.parse(DocumentMapper.java:309)
	at org.elasticsearch.index.shard.IndexShard.prepareIndex(IndexShard.java:584)
	at org.elasticsearch.index.shard.IndexShard.prepareIndexOnPrimary(IndexShard.java:563)
	at org.elasticsearch.action.index.TransportIndexAction.prepareIndexOperationOnPrimary(TransportIndexAction.java:211)
	at org.elasticsearch.action.index.TransportIndexAction.executeIndexRequestOnPrimary(TransportIndexAction.java:223)
	at org.elasticsearch.action.index.TransportIndexAction.shardOperationOnPrimary(TransportIndexAction.java:157)
	at org.elasticsearch.action.index.TransportIndexAction.shardOperationOnPrimary(TransportIndexAction.java:66)
	at org.elasticsearch.action.support.replication.TransportReplicationAction$PrimaryPhase.doRun(TransportReplicationAction.java:657)
	at org.elasticsearch.common.util.concurrent.AbstractRunnable.run(AbstractRunnable.java:37)
	at org.elasticsearch.action.support.replication.TransportReplicationAction$PrimaryOperationTransportHandler.messageReceived(TransportReplicationAction.java:287)
	at org.elasticsearch.action.support.replication.TransportReplicationAction$PrimaryOperationTransportHandler.messageReceived(TransportReplicationAction.java:279)
	at org.elasticsearch.transport.RequestHandlerRegistry.processMessageReceived(RequestHandlerRegistry.java:77)
	at org.elasticsearch.transport.TransportService$4.doRun(TransportService.java:378)
	at org.elasticsearch.common.util.concurrent.AbstractRunnable.run(AbstractRunnable.java:37)
	at java.util.concurrent.ThreadPoolExecutor.runWorker(ThreadPoolExecutor.java:1149)
	at java.util.concurrent.ThreadPoolExecutor$Worker.run(ThreadPoolExecutor.java:624)
	at java.lang.Thread.run(Thread.java:748)
Caused by: java.lang.IllegalArgumentException: Invalid format: "Tue Sep 19 00:00:00 ICT 2017"
	at org.joda.time.format.DateTimeParserBucket.doParseMillis(DateTimeParserBucket.java:187)
	at org.joda.time.format.DateTimeFormatter.parseMillis(DateTimeFormatter.java:826)
	at org.elasticsearch.index.mapper.core.DateFieldMapper$DateFieldType.parseStringValue(DateFieldMapper.java:366)
	at org.elasticsearch.index.mapper.core.DateFieldMapper.innerParseCreateField(DateFieldMapper.java:534)
	at org.elasticsearch.index.mapper.core.NumberFieldMapper.parseCreateField(NumberFieldMapper.java:241)
	at org.elasticsearch.index.mapper.FieldMapper.parse(FieldMapper.java:321)
	at org.elasticsearch.index.mapper.DocumentParser.parseObjectOrField(DocumentParser.java:311)
	at org.elasticsearch.index.mapper.DocumentParser.parseValue(DocumentParser.java:438)
	at org.elasticsearch.index.mapper.DocumentParser.parseObject(DocumentParser.java:264)
	at org.elasticsearch.index.mapper.DocumentParser.parseDocument(DocumentParser.java:124)
	at org.elasticsearch.index.mapper.DocumentMapper.parse(DocumentMapper.java:309)
	at org.elasticsearch.index.shard.IndexShard.prepareIndex(IndexShard.java:584)
	at org.elasticsearch.index.shard.IndexShard.prepareIndexOnPrimary(IndexShard.java:563)
	at org.elasticsearch.action.index.TransportIndexAction.prepareIndexOperationOnPrimary(TransportIndexAction.java:211)
	at org.elasticsearch.action.index.TransportIndexAction.executeIndexRequestOnPrimary(TransportIndexAction.java:223)
	at org.elasticsearch.action.index.TransportIndexAction.shardOperationOnPrimary(TransportIndexAction.java:157)
	at org.elasticsearch.action.index.TransportIndexAction.shardOperationOnPrimary(TransportIndexAction.java:66)
	at org.elasticsearch.action.support.replication.TransportReplicationAction$PrimaryPhase.doRun(TransportReplicationAction.java:657)
	at org.elasticsearch.common.util.concurrent.AbstractRunnable.run(AbstractRunnable.java:37)
	at org.elasticsearch.action.support.replication.TransportReplicationAction$PrimaryOperationTransportHandler.messageReceived(TransportReplicationAction.java:287)
	at org.elasticsearch.action.support.replication.TransportReplicationAction$PrimaryOperationTransportHandler.messageReceived(TransportReplicationAction.java:279)
	at org.elasticsearch.transport.RequestHandlerRegistry.processMessageReceived(RequestHandlerRegistry.java:77)
	at org.elasticsearch.transport.TransportService$4.doRun(TransportService.java:378)
	at org.elasticsearch.common.util.concurrent.AbstractRunnable.run(AbstractRunnable.java:37)
	at java.util.concurrent.ThreadPoolExecutor.runWorker(ThreadPoolExecutor.java:1149)
	at java.util.concurrent.ThreadPoolExecutor$Worker.run(ThreadPoolExecutor.java:624)
	at java.lang.Thread.run(Thread.java:748)
</error>
    <system-out><![CDATA[21:22:44.971 [main] DEBUG org.springframework.test.context.junit4.SpringJUnit4ClassRunner - SpringJUnit4ClassRunner constructor called with [class cuong.MyIssueServiceTest]
21:22:44.975 [main] DEBUG org.springframework.test.context.BootstrapUtils - Instantiating CacheAwareContextLoaderDelegate from class [org.springframework.test.context.cache.DefaultCacheAwareContextLoaderDelegate]
21:22:44.981 [main] DEBUG org.springframework.test.context.BootstrapUtils - Instantiating BootstrapContext using constructor [public org.springframework.test.context.support.DefaultBootstrapContext(java.lang.Class,org.springframework.test.context.CacheAwareContextLoaderDelegate)]
21:22:44.995 [main] DEBUG org.springframework.test.context.BootstrapUtils - Instantiating TestContextBootstrapper for test class [cuong.MyIssueServiceTest] from class [org.springframework.boot.test.context.SpringBootTestContextBootstrapper]
21:22:45.006 [main] INFO org.springframework.boot.test.context.SpringBootTestContextBootstrapper - Neither @ContextConfiguration nor @ContextHierarchy found for test class [cuong.MyIssueServiceTest], using SpringBootContextLoader
21:22:45.009 [main] DEBUG org.springframework.test.context.support.AbstractContextLoader - Did not detect default resource location for test class [cuong.MyIssueServiceTest]: class path resource [cuong/MyIssueServiceTest-context.xml] does not exist
21:22:45.010 [main] DEBUG org.springframework.test.context.support.AbstractContextLoader - Did not detect default resource location for test class [cuong.MyIssueServiceTest]: class path resource [cuong/MyIssueServiceTestContext.groovy] does not exist
21:22:45.010 [main] INFO org.springframework.test.context.support.AbstractContextLoader - Could not detect default resource locations for test class [cuong.MyIssueServiceTest]: no resource found for suffixes {-context.xml, Context.groovy}.
21:22:45.039 [main] DEBUG org.springframework.test.context.support.ActiveProfilesUtils - Could not find an 'annotation declaring class' for annotation type [org.springframework.test.context.ActiveProfiles] and class [cuong.MyIssueServiceTest]
21:22:45.058 [main] DEBUG org.springframework.boot.test.context.SpringBootTestContextBootstrapper - @TestExecutionListeners is not present for class [cuong.MyIssueServiceTest]: using defaults.
21:22:45.061 [main] INFO org.springframework.boot.test.context.SpringBootTestContextBootstrapper - Loaded default TestExecutionListener class names from location [META-INF/spring.factories]: [org.springframework.boot.test.mock.mockito.MockitoTestExecutionListener, org.springframework.boot.test.mock.mockito.ResetMocksTestExecutionListener, org.springframework.boot.test.autoconfigure.restdocs.RestDocsTestExecutionListener, org.springframework.boot.test.autoconfigure.web.client.MockRestServiceServerResetTestExecutionListener, org.springframework.boot.test.autoconfigure.web.servlet.MockMvcPrintOnlyOnFailureTestExecutionListener, org.springframework.boot.test.autoconfigure.web.servlet.WebDriverTestExecutionListener, org.springframework.test.context.web.ServletTestExecutionListener, org.springframework.test.context.support.DirtiesContextBeforeModesTestExecutionListener, org.springframework.test.context.support.DependencyInjectionTestExecutionListener, org.springframework.test.context.support.DirtiesContextTestExecutionListener, org.springframework.test.context.transaction.TransactionalTestExecutionListener, org.springframework.test.context.jdbc.SqlScriptsTestExecutionListener]
21:22:45.075 [main] INFO org.springframework.boot.test.context.SpringBootTestContextBootstrapper - Could not instantiate TestExecutionListener [org.springframework.test.context.web.ServletTestExecutionListener]. Specify custom listener classes or make the default listener classes (and their required dependencies) available. Offending class: [javax/servlet/ServletContext]
21:22:45.075 [main] INFO org.springframework.boot.test.context.SpringBootTestContextBootstrapper - Using TestExecutionListeners: [org.springframework.test.context.support.DirtiesContextBeforeModesTestExecutionListener@42607a4f, org.springframework.boot.test.autoconfigure.SpringBootDependencyInjectionTestExecutionListener@782663d3, org.springframework.test.context.support.DirtiesContextTestExecutionListener@1990a65e, org.springframework.test.context.transaction.TransactionalTestExecutionListener@64485a47, org.springframework.test.context.jdbc.SqlScriptsTestExecutionListener@25bbf683, org.springframework.boot.test.autoconfigure.web.client.MockRestServiceServerResetTestExecutionListener@6ec8211c, org.springframework.boot.test.autoconfigure.web.servlet.MockMvcPrintOnlyOnFailureTestExecutionListener@7276c8cd, org.springframework.boot.test.autoconfigure.restdocs.RestDocsTestExecutionListener@544a2ea6, org.springframework.boot.test.mock.mockito.MockitoTestExecutionListener@2e3fc542, org.springframework.boot.test.autoconfigure.web.servlet.WebDriverTestExecutionListener@150c158, org.springframework.boot.test.mock.mockito.ResetMocksTestExecutionListener@4524411f]
21:22:45.078 [main] DEBUG org.springframework.test.annotation.ProfileValueUtils - Retrieved @ProfileValueSourceConfiguration [null] for test class [cuong.MyIssueServiceTest]
21:22:45.078 [main] DEBUG org.springframework.test.annotation.ProfileValueUtils - Retrieved ProfileValueSource type [class org.springframework.test.annotation.SystemProfileValueSource] for class [cuong.MyIssueServiceTest]
21:22:45.081 [main] DEBUG org.springframework.test.context.junit4.SpringJUnit4ClassRunner - SpringJUnit4ClassRunner constructor called with [class cuong.MyIssueServiceTest]
21:22:45.081 [main] DEBUG org.springframework.test.context.BootstrapUtils - Instantiating CacheAwareContextLoaderDelegate from class [org.springframework.test.context.cache.DefaultCacheAwareContextLoaderDelegate]
21:22:45.081 [main] DEBUG org.springframework.test.context.BootstrapUtils - Instantiating BootstrapContext using constructor [public org.springframework.test.context.support.DefaultBootstrapContext(java.lang.Class,org.springframework.test.context.CacheAwareContextLoaderDelegate)]
21:22:45.081 [main] DEBUG org.springframework.test.context.BootstrapUtils - Instantiating TestContextBootstrapper for test class [cuong.MyIssueServiceTest] from class [org.springframework.boot.test.context.SpringBootTestContextBootstrapper]
21:22:45.082 [main] INFO org.springframework.boot.test.context.SpringBootTestContextBootstrapper - Neither @ContextConfiguration nor @ContextHierarchy found for test class [cuong.MyIssueServiceTest], using SpringBootContextLoader
21:22:45.082 [main] DEBUG org.springframework.test.context.support.AbstractContextLoader - Did not detect default resource location for test class [cuong.MyIssueServiceTest]: class path resource [cuong/MyIssueServiceTest-context.xml] does not exist
21:22:45.083 [main] DEBUG org.springframework.test.context.support.AbstractContextLoader - Did not detect default resource location for test class [cuong.MyIssueServiceTest]: class path resource [cuong/MyIssueServiceTestContext.groovy] does not exist
21:22:45.083 [main] INFO org.springframework.test.context.support.AbstractContextLoader - Could not detect default resource locations for test class [cuong.MyIssueServiceTest]: no resource found for suffixes {-context.xml, Context.groovy}.
21:22:45.087 [main] DEBUG org.springframework.test.context.support.ActiveProfilesUtils - Could not find an 'annotation declaring class' for annotation type [org.springframework.test.context.ActiveProfiles] and class [cuong.MyIssueServiceTest]
21:22:45.090 [main] DEBUG org.springframework.boot.test.context.SpringBootTestContextBootstrapper - @TestExecutionListeners is not present for class [cuong.MyIssueServiceTest]: using defaults.
21:22:45.110 [main] INFO org.springframework.boot.test.context.SpringBootTestContextBootstrapper - Loaded default TestExecutionListener class names from location [META-INF/spring.factories]: [org.springframework.boot.test.mock.mockito.MockitoTestExecutionListener, org.springframework.boot.test.mock.mockito.ResetMocksTestExecutionListener, org.springframework.boot.test.autoconfigure.restdocs.RestDocsTestExecutionListener, org.springframework.boot.test.autoconfigure.web.client.MockRestServiceServerResetTestExecutionListener, org.springframework.boot.test.autoconfigure.web.servlet.MockMvcPrintOnlyOnFailureTestExecutionListener, org.springframework.boot.test.autoconfigure.web.servlet.WebDriverTestExecutionListener, org.springframework.test.context.web.ServletTestExecutionListener, org.springframework.test.context.support.DirtiesContextBeforeModesTestExecutionListener, org.springframework.test.context.support.DependencyInjectionTestExecutionListener, org.springframework.test.context.support.DirtiesContextTestExecutionListener, org.springframework.test.context.transaction.TransactionalTestExecutionListener, org.springframework.test.context.jdbc.SqlScriptsTestExecutionListener]
21:22:45.112 [main] INFO org.springframework.boot.test.context.SpringBootTestContextBootstrapper - Could not instantiate TestExecutionListener [org.springframework.test.context.web.ServletTestExecutionListener]. Specify custom listener classes or make the default listener classes (and their required dependencies) available. Offending class: [javax/servlet/ServletContext]
21:22:45.113 [main] INFO org.springframework.boot.test.context.SpringBootTestContextBootstrapper - Using TestExecutionListeners: [org.springframework.test.context.support.DirtiesContextBeforeModesTestExecutionListener@2698dc7, org.springframework.boot.test.autoconfigure.SpringBootDependencyInjectionTestExecutionListener@43d7741f, org.springframework.test.context.support.DirtiesContextTestExecutionListener@17baae6e, org.springframework.test.context.transaction.TransactionalTestExecutionListener@69379752, org.springframework.test.context.jdbc.SqlScriptsTestExecutionListener@27fe3806, org.springframework.boot.test.autoconfigure.web.client.MockRestServiceServerResetTestExecutionListener@5f71c76a, org.springframework.boot.test.autoconfigure.web.servlet.MockMvcPrintOnlyOnFailureTestExecutionListener@1d7acb34, org.springframework.boot.test.autoconfigure.restdocs.RestDocsTestExecutionListener@48a242ce, org.springframework.boot.test.mock.mockito.MockitoTestExecutionListener@1e4a7dd4, org.springframework.boot.test.autoconfigure.web.servlet.WebDriverTestExecutionListener@4f51b3e0, org.springframework.boot.test.mock.mockito.ResetMocksTestExecutionListener@4b9e255]
21:22:45.113 [main] DEBUG org.springframework.test.annotation.ProfileValueUtils - Retrieved @ProfileValueSourceConfiguration [null] for test class [cuong.MyIssueServiceTest]
21:22:45.113 [main] DEBUG org.springframework.test.annotation.ProfileValueUtils - Retrieved ProfileValueSource type [class org.springframework.test.annotation.SystemProfileValueSource] for class [cuong.MyIssueServiceTest]
21:22:45.114 [main] DEBUG org.springframework.test.annotation.ProfileValueUtils - Retrieved @ProfileValueSourceConfiguration [null] for test class [cuong.MyIssueServiceTest]
21:22:45.114 [main] DEBUG org.springframework.test.annotation.ProfileValueUtils - Retrieved ProfileValueSource type [class org.springframework.test.annotation.SystemProfileValueSource] for class [cuong.MyIssueServiceTest]
21:22:45.122 [main] DEBUG org.springframework.test.context.support.AbstractDirtiesContextTestExecutionListener - Before test class: context [DefaultTestContext@2df32bf7 testClass = MyIssueServiceTest, testInstance = [null], testMethod = [null], testException = [null], mergedContextConfiguration = [MergedContextConfiguration@530612ba testClass = MyIssueServiceTest, locations = '{}', classes = '{class cuong.Application, class cuong.Application}', contextInitializerClasses = '[]', activeProfiles = '{}', propertySourceLocations = '{}', propertySourceProperties = '{org.springframework.boot.test.context.SpringBootTestContextBootstrapper=true}', contextCustomizers = set[org.springframework.boot.test.context.SpringBootTestContextCustomizer@2b9627bc, org.springframework.boot.test.context.filter.ExcludeFilterContextCustomizer@61f8bee4, org.springframework.boot.test.json.DuplicateJsonObjectContextCustomizerFactory$DuplicateJsonObjectContextCustomizer@7fac631b, org.springframework.boot.test.mock.mockito.MockitoContextCustomizer@0, org.springframework.boot.test.autoconfigure.properties.PropertyMappingContextCustomizer@0, org.springframework.boot.test.autoconfigure.web.servlet.WebDriverContextCustomizerFactory$Customizer@7c29daf3], contextLoader = 'org.springframework.boot.test.context.SpringBootContextLoader', parent = [null]]], class annotated with @DirtiesContext [false] with mode [null].
21:22:45.123 [main] DEBUG org.springframework.test.annotation.ProfileValueUtils - Retrieved @ProfileValueSourceConfiguration [null] for test class [cuong.MyIssueServiceTest]
21:22:45.123 [main] DEBUG org.springframework.test.annotation.ProfileValueUtils - Retrieved ProfileValueSource type [class org.springframework.test.annotation.SystemProfileValueSource] for class [cuong.MyIssueServiceTest]
21:22:45.124 [main] DEBUG org.springframework.test.context.support.DependencyInjectionTestExecutionListener - Performing dependency injection for test context [[DefaultTestContext@2df32bf7 testClass = MyIssueServiceTest, testInstance = cuong.MyIssueServiceTest@1188e820, testMethod = [null], testException = [null], mergedContextConfiguration = [MergedContextConfiguration@530612ba testClass = MyIssueServiceTest, locations = '{}', classes = '{class cuong.Application, class cuong.Application}', contextInitializerClasses = '[]', activeProfiles = '{}', propertySourceLocations = '{}', propertySourceProperties = '{org.springframework.boot.test.context.SpringBootTestContextBootstrapper=true}', contextCustomizers = set[org.springframework.boot.test.context.SpringBootTestContextCustomizer@2b9627bc, org.springframework.boot.test.context.filter.ExcludeFilterContextCustomizer@61f8bee4, org.springframework.boot.test.json.DuplicateJsonObjectContextCustomizerFactory$DuplicateJsonObjectContextCustomizer@7fac631b, org.springframework.boot.test.mock.mockito.MockitoContextCustomizer@0, org.springframework.boot.test.autoconfigure.properties.PropertyMappingContextCustomizer@0, org.springframework.boot.test.autoconfigure.web.servlet.WebDriverContextCustomizerFactory$Customizer@7c29daf3], contextLoader = 'org.springframework.boot.test.context.SpringBootContextLoader', parent = [null]]]].
21:22:45.177 [main] DEBUG org.springframework.core.env.StandardEnvironment - Adding PropertySource 'systemProperties' with lowest search precedence
21:22:45.178 [main] DEBUG org.springframework.core.env.StandardEnvironment - Adding PropertySource 'systemEnvironment' with lowest search precedence
21:22:45.178 [main] DEBUG org.springframework.core.env.StandardEnvironment - Initialized StandardEnvironment with PropertySources [MapPropertySource@6320204 {name='systemProperties', properties={java.runtime.name=Java(TM) SE Runtime Environment, sun.boot.library.path=/usr/lib/jvm/java-8-oracle/jre/lib/amd64, java.vm.version=25.144-b01, java.vm.vendor=Oracle Corporation, java.vendor.url=http://java.oracle.com/, path.separator=:, java.vm.name=Java HotSpot(TM) 64-Bit Server VM, file.encoding.pkg=sun.io, user.country=US, sun.java.launcher=SUN_STANDARD, sun.os.patch.level=unknown, java.vm.specification.name=Java Virtual Machine Specification, user.dir=/home/hungcuong/workspace/springboot-elasticsearch-issue, java.runtime.version=1.8.0_144-b01, basedir=/home/hungcuong/workspace/springboot-elasticsearch-issue, java.awt.graphicsenv=sun.awt.X11GraphicsEnvironment, java.endorsed.dirs=/usr/lib/jvm/java-8-oracle/jre/lib/endorsed, os.arch=amd64, surefire.real.class.path=/home/hungcuong/workspace/springboot-elasticsearch-issue/target/surefire/surefirebooter6938884519144342631.jar, java.io.tmpdir=/tmp, line.separator=
, java.vm.specification.vendor=Oracle Corporation, os.name=Linux, sun.jnu.encoding=UTF-8, java.library.path=/usr/java/packages/lib/amd64:/usr/lib64:/lib64:/lib:/usr/lib, surefire.test.class.path=/home/hungcuong/workspace/springboot-elasticsearch-issue/target/test-classes:/home/hungcuong/workspace/springboot-elasticsearch-issue/target/classes:/home/hungcuong/.m2/repository/org/springframework/boot/spring-boot-starter-data-elasticsearch/1.5.7.RELEASE/spring-boot-starter-data-elasticsearch-1.5.7.RELEASE.jar:/home/hungcuong/.m2/repository/org/springframework/boot/spring-boot-starter/1.5.7.RELEASE/spring-boot-starter-1.5.7.RELEASE.jar:/home/hungcuong/.m2/repository/org/springframework/boot/spring-boot/1.5.7.RELEASE/spring-boot-1.5.7.RELEASE.jar:/home/hungcuong/.m2/repository/org/springframework/boot/spring-boot-autoconfigure/1.5.7.RELEASE/spring-boot-autoconfigure-1.5.7.RELEASE.jar:/home/hungcuong/.m2/repository/org/springframework/boot/spring-boot-starter-logging/1.5.7.RELEASE/spring-boot-starter-logging-1.5.7.RELEASE.jar:/home/hungcuong/.m2/repository/ch/qos/logback/logback-classic/1.1.11/logback-classic-1.1.11.jar:/home/hungcuong/.m2/repository/ch/qos/logback/logback-core/1.1.11/logback-core-1.1.11.jar:/home/hungcuong/.m2/repository/org/slf4j/jul-to-slf4j/1.7.25/jul-to-slf4j-1.7.25.jar:/home/hungcuong/.m2/repository/org/slf4j/log4j-over-slf4j/1.7.25/log4j-over-slf4j-1.7.25.jar:/home/hungcuong/.m2/repository/org/yaml/snakeyaml/1.17/snakeyaml-1.17.jar:/home/hungcuong/.m2/repository/org/springframework/data/spring-data-elasticsearch/2.1.7.RELEASE/spring-data-elasticsearch-2.1.7.RELEASE.jar:/home/hungcuong/.m2/repository/org/springframework/spring-context/4.3.11.RELEASE/spring-context-4.3.11.RELEASE.jar:/home/hungcuong/.m2/repository/org/springframework/spring-aop/4.3.11.RELEASE/spring-aop-4.3.11.RELEASE.jar:/home/hungcuong/.m2/repository/org/springframework/spring-beans/4.3.11.RELEASE/spring-beans-4.3.11.RELEASE.jar:/home/hungcuong/.m2/repository/org/springframework/spring-expression/4.3.11.RELEASE/spring-expression-4.3.11.RELEASE.jar:/home/hungcuong/.m2/repository/org/springframework/spring-tx/4.3.11.RELEASE/spring-tx-4.3.11.RELEASE.jar:/home/hungcuong/.m2/repository/org/springframework/data/spring-data-commons/1.13.7.RELEASE/spring-data-commons-1.13.7.RELEASE.jar:/home/hungcuong/.m2/repository/commons-lang/commons-lang/2.6/commons-lang-2.6.jar:/home/hungcuong/.m2/repository/joda-time/joda-time/2.9.9/joda-time-2.9.9.jar:/home/hungcuong/.m2/repository/org/elasticsearch/elasticsearch/2.4.6/elasticsearch-2.4.6.jar:/home/hungcuong/.m2/repository/org/apache/lucene/lucene-core/5.5.4/lucene-core-5.5.4.jar:/home/hungcuong/.m2/repository/org/apache/lucene/lucene-backward-codecs/5.5.4/lucene-backward-codecs-5.5.4.jar:/home/hungcuong/.m2/repository/org/apache/lucene/lucene-analyzers-common/5.5.4/lucene-analyzers-common-5.5.4.jar:/home/hungcuong/.m2/repository/org/apache/lucene/lucene-queries/5.5.4/lucene-queries-5.5.4.jar:/home/hungcuong/.m2/repository/org/apache/lucene/lucene-memory/5.5.4/lucene-memory-5.5.4.jar:/home/hungcuong/.m2/repository/org/apache/lucene/lucene-highlighter/5.5.4/lucene-highlighter-5.5.4.jar:/home/hungcuong/.m2/repository/org/apache/lucene/lucene-queryparser/5.5.4/lucene-queryparser-5.5.4.jar:/home/hungcuong/.m2/repository/org/apache/lucene/lucene-sandbox/5.5.4/lucene-sandbox-5.5.4.jar:/home/hungcuong/.m2/repository/org/apache/lucene/lucene-suggest/5.5.4/lucene-suggest-5.5.4.jar:/home/hungcuong/.m2/repository/org/apache/lucene/lucene-misc/5.5.4/lucene-misc-5.5.4.jar:/home/hungcuong/.m2/repository/org/apache/lucene/lucene-join/5.5.4/lucene-join-5.5.4.jar:/home/hungcuong/.m2/repository/org/apache/lucene/lucene-grouping/5.5.4/lucene-grouping-5.5.4.jar:/home/hungcuong/.m2/repository/org/apache/lucene/lucene-spatial/5.5.4/lucene-spatial-5.5.4.jar:/home/hungcuong/.m2/repository/org/apache/lucene/lucene-spatial3d/5.5.4/lucene-spatial3d-5.5.4.jar:/home/hungcuong/.m2/repository/com/spatial4j/spatial4j/0.5/spatial4j-0.5.jar:/home/hungcuong/.m2/repository/com/google/guava/guava/18.0/guava-18.0.jar:/home/hungcuong/.m2/repository/org/elasticsearch/securesm/1.0/securesm-1.0.jar:/home/hungcuong/.m2/repository/com/carrotsearch/hppc/0.7.1/hppc-0.7.1.jar:/home/hungcuong/.m2/repository/com/fasterxml/jackson/dataformat/jackson-dataformat-smile/2.8.10/jackson-dataformat-smile-2.8.10.jar:/home/hungcuong/.m2/repository/com/fasterxml/jackson/dataformat/jackson-dataformat-yaml/2.8.10/jackson-dataformat-yaml-2.8.10.jar:/home/hungcuong/.m2/repository/com/fasterxml/jackson/dataformat/jackson-dataformat-cbor/2.8.10/jackson-dataformat-cbor-2.8.10.jar:/home/hungcuong/.m2/repository/io/netty/netty/3.10.6.Final/netty-3.10.6.Final.jar:/home/hungcuong/.m2/repository/com/ning/compress-lzf/1.0.2/compress-lzf-1.0.2.jar:/home/hungcuong/.m2/repository/com/tdunning/t-digest/3.0/t-digest-3.0.jar:/home/hungcuong/.m2/repository/org/hdrhistogram/HdrHistogram/2.1.6/HdrHistogram-2.1.6.jar:/home/hungcuong/.m2/repository/commons-cli/commons-cli/1.3.1/commons-cli-1.3.1.jar:/home/hungcuong/.m2/repository/com/twitter/jsr166e/1.1.0/jsr166e-1.1.0.jar:/home/hungcuong/.m2/repository/com/fasterxml/jackson/core/jackson-core/2.8.10/jackson-core-2.8.10.jar:/home/hungcuong/.m2/repository/com/fasterxml/jackson/core/jackson-databind/2.8.10/jackson-databind-2.8.10.jar:/home/hungcuong/.m2/repository/com/fasterxml/jackson/core/jackson-annotations/2.8.0/jackson-annotations-2.8.0.jar:/home/hungcuong/.m2/repository/org/slf4j/jcl-over-slf4j/1.7.25/jcl-over-slf4j-1.7.25.jar:/home/hungcuong/.m2/repository/org/springframework/boot/spring-boot-starter-test/1.5.7.RELEASE/spring-boot-starter-test-1.5.7.RELEASE.jar:/home/hungcuong/.m2/repository/org/springframework/boot/spring-boot-test/1.5.7.RELEASE/spring-boot-test-1.5.7.RELEASE.jar:/home/hungcuong/.m2/repository/org/springframework/boot/spring-boot-test-autoconfigure/1.5.7.RELEASE/spring-boot-test-autoconfigure-1.5.7.RELEASE.jar:/home/hungcuong/.m2/repository/com/jayway/jsonpath/json-path/2.2.0/json-path-2.2.0.jar:/home/hungcuong/.m2/repository/net/minidev/json-smart/2.2.1/json-smart-2.2.1.jar:/home/hungcuong/.m2/repository/net/minidev/accessors-smart/1.1/accessors-smart-1.1.jar:/home/hungcuong/.m2/repository/org/ow2/asm/asm/5.0.3/asm-5.0.3.jar:/home/hungcuong/.m2/repository/junit/junit/4.12/junit-4.12.jar:/home/hungcuong/.m2/repository/org/assertj/assertj-core/2.6.0/assertj-core-2.6.0.jar:/home/hungcuong/.m2/repository/org/mockito/mockito-core/1.10.19/mockito-core-1.10.19.jar:/home/hungcuong/.m2/repository/org/objenesis/objenesis/2.1/objenesis-2.1.jar:/home/hungcuong/.m2/repository/org/hamcrest/hamcrest-core/1.3/hamcrest-core-1.3.jar:/home/hungcuong/.m2/repository/org/hamcrest/hamcrest-library/1.3/hamcrest-library-1.3.jar:/home/hungcuong/.m2/repository/org/skyscreamer/jsonassert/1.4.0/jsonassert-1.4.0.jar:/home/hungcuong/.m2/repository/com/vaadin/external/google/android-json/0.0.20131108.vaadin1/android-json-0.0.20131108.vaadin1.jar:/home/hungcuong/.m2/repository/org/springframework/spring-core/4.3.11.RELEASE/spring-core-4.3.11.RELEASE.jar:/home/hungcuong/.m2/repository/org/springframework/spring-test/4.3.11.RELEASE/spring-test-4.3.11.RELEASE.jar:/home/hungcuong/.m2/repository/net/java/dev/jna/jna/4.2.2/jna-4.2.2.jar:/home/hungcuong/.m2/repository/com/taskadapter/redmine-java-api/2.6.0/redmine-java-api-2.6.0.jar:/home/hungcuong/.m2/repository/org/slf4j/slf4j-api/1.7.25/slf4j-api-1.7.25.jar:/home/hungcuong/.m2/repository/org/apache/httpcomponents/httpclient/4.5.3/httpclient-4.5.3.jar:/home/hungcuong/.m2/repository/org/apache/httpcomponents/httpcore/4.4.6/httpcore-4.4.6.jar:/home/hungcuong/.m2/repository/commons-codec/commons-codec/1.10/commons-codec-1.10.jar:/home/hungcuong/.m2/repository/org/json/json/20140107/json-20140107.jar:, java.specification.name=Java Platform API Specification, java.class.version=52.0, sun.management.compiler=HotSpot 64-Bit Tiered Compilers, os.version=4.10.0-35-generic, user.home=/home/hungcuong, user.timezone=Asia/Ho_Chi_Minh, java.awt.printerjob=sun.print.PSPrinterJob, file.encoding=UTF-8, java.specification.version=1.8, java.class.path=/home/hungcuong/workspace/springboot-elasticsearch-issue/target/test-classes:/home/hungcuong/workspace/springboot-elasticsearch-issue/target/classes:/home/hungcuong/.m2/repository/org/springframework/boot/spring-boot-starter-data-elasticsearch/1.5.7.RELEASE/spring-boot-starter-data-elasticsearch-1.5.7.RELEASE.jar:/home/hungcuong/.m2/repository/org/springframework/boot/spring-boot-starter/1.5.7.RELEASE/spring-boot-starter-1.5.7.RELEASE.jar:/home/hungcuong/.m2/repository/org/springframework/boot/spring-boot/1.5.7.RELEASE/spring-boot-1.5.7.RELEASE.jar:/home/hungcuong/.m2/repository/org/springframework/boot/spring-boot-autoconfigure/1.5.7.RELEASE/spring-boot-autoconfigure-1.5.7.RELEASE.jar:/home/hungcuong/.m2/repository/org/springframework/boot/spring-boot-starter-logging/1.5.7.RELEASE/spring-boot-starter-logging-1.5.7.RELEASE.jar:/home/hungcuong/.m2/repository/ch/qos/logback/logback-classic/1.1.11/logback-classic-1.1.11.jar:/home/hungcuong/.m2/repository/ch/qos/logback/logback-core/1.1.11/logback-core-1.1.11.jar:/home/hungcuong/.m2/repository/org/slf4j/jul-to-slf4j/1.7.25/jul-to-slf4j-1.7.25.jar:/home/hungcuong/.m2/repository/org/slf4j/log4j-over-slf4j/1.7.25/log4j-over-slf4j-1.7.25.jar:/home/hungcuong/.m2/repository/org/yaml/snakeyaml/1.17/snakeyaml-1.17.jar:/home/hungcuong/.m2/repository/org/springframework/data/spring-data-elasticsearch/2.1.7.RELEASE/spring-data-elasticsearch-2.1.7.RELEASE.jar:/home/hungcuong/.m2/repository/org/springframework/spring-context/4.3.11.RELEASE/spring-context-4.3.11.RELEASE.jar:/home/hungcuong/.m2/repository/org/springframework/spring-aop/4.3.11.RELEASE/spring-aop-4.3.11.RELEASE.jar:/home/hungcuong/.m2/repository/org/springframework/spring-beans/4.3.11.RELEASE/spring-beans-4.3.11.RELEASE.jar:/home/hungcuong/.m2/repository/org/springframework/spring-expression/4.3.11.RELEASE/spring-expression-4.3.11.RELEASE.jar:/home/hungcuong/.m2/repository/org/springframework/spring-tx/4.3.11.RELEASE/spring-tx-4.3.11.RELEASE.jar:/home/hungcuong/.m2/repository/org/springframework/data/spring-data-commons/1.13.7.RELEASE/spring-data-commons-1.13.7.RELEASE.jar:/home/hungcuong/.m2/repository/commons-lang/commons-lang/2.6/commons-lang-2.6.jar:/home/hungcuong/.m2/repository/joda-time/joda-time/2.9.9/joda-time-2.9.9.jar:/home/hungcuong/.m2/repository/org/elasticsearch/elasticsearch/2.4.6/elasticsearch-2.4.6.jar:/home/hungcuong/.m2/repository/org/apache/lucene/lucene-core/5.5.4/lucene-core-5.5.4.jar:/home/hungcuong/.m2/repository/org/apache/lucene/lucene-backward-codecs/5.5.4/lucene-backward-codecs-5.5.4.jar:/home/hungcuong/.m2/repository/org/apache/lucene/lucene-analyzers-common/5.5.4/lucene-analyzers-common-5.5.4.jar:/home/hungcuong/.m2/repository/org/apache/lucene/lucene-queries/5.5.4/lucene-queries-5.5.4.jar:/home/hungcuong/.m2/repository/org/apache/lucene/lucene-memory/5.5.4/lucene-memory-5.5.4.jar:/home/hungcuong/.m2/repository/org/apache/lucene/lucene-highlighter/5.5.4/lucene-highlighter-5.5.4.jar:/home/hungcuong/.m2/repository/org/apache/lucene/lucene-queryparser/5.5.4/lucene-queryparser-5.5.4.jar:/home/hungcuong/.m2/repository/org/apache/lucene/lucene-sandbox/5.5.4/lucene-sandbox-5.5.4.jar:/home/hungcuong/.m2/repository/org/apache/lucene/lucene-suggest/5.5.4/lucene-suggest-5.5.4.jar:/home/hungcuong/.m2/repository/org/apache/lucene/lucene-misc/5.5.4/lucene-misc-5.5.4.jar:/home/hungcuong/.m2/repository/org/apache/lucene/lucene-join/5.5.4/lucene-join-5.5.4.jar:/home/hungcuong/.m2/repository/org/apache/lucene/lucene-grouping/5.5.4/lucene-grouping-5.5.4.jar:/home/hungcuong/.m2/repository/org/apache/lucene/lucene-spatial/5.5.4/lucene-spatial-5.5.4.jar:/home/hungcuong/.m2/repository/org/apache/lucene/lucene-spatial3d/5.5.4/lucene-spatial3d-5.5.4.jar:/home/hungcuong/.m2/repository/com/spatial4j/spatial4j/0.5/spatial4j-0.5.jar:/home/hungcuong/.m2/repository/com/google/guava/guava/18.0/guava-18.0.jar:/home/hungcuong/.m2/repository/org/elasticsearch/securesm/1.0/securesm-1.0.jar:/home/hungcuong/.m2/repository/com/carrotsearch/hppc/0.7.1/hppc-0.7.1.jar:/home/hungcuong/.m2/repository/com/fasterxml/jackson/dataformat/jackson-dataformat-smile/2.8.10/jackson-dataformat-smile-2.8.10.jar:/home/hungcuong/.m2/repository/com/fasterxml/jackson/dataformat/jackson-dataformat-yaml/2.8.10/jackson-dataformat-yaml-2.8.10.jar:/home/hungcuong/.m2/repository/com/fasterxml/jackson/dataformat/jackson-dataformat-cbor/2.8.10/jackson-dataformat-cbor-2.8.10.jar:/home/hungcuong/.m2/repository/io/netty/netty/3.10.6.Final/netty-3.10.6.Final.jar:/home/hungcuong/.m2/repository/com/ning/compress-lzf/1.0.2/compress-lzf-1.0.2.jar:/home/hungcuong/.m2/repository/com/tdunning/t-digest/3.0/t-digest-3.0.jar:/home/hungcuong/.m2/repository/org/hdrhistogram/HdrHistogram/2.1.6/HdrHistogram-2.1.6.jar:/home/hungcuong/.m2/repository/commons-cli/commons-cli/1.3.1/commons-cli-1.3.1.jar:/home/hungcuong/.m2/repository/com/twitter/jsr166e/1.1.0/jsr166e-1.1.0.jar:/home/hungcuong/.m2/repository/com/fasterxml/jackson/core/jackson-core/2.8.10/jackson-core-2.8.10.jar:/home/hungcuong/.m2/repository/com/fasterxml/jackson/core/jackson-databind/2.8.10/jackson-databind-2.8.10.jar:/home/hungcuong/.m2/repository/com/fasterxml/jackson/core/jackson-annotations/2.8.0/jackson-annotations-2.8.0.jar:/home/hungcuong/.m2/repository/org/slf4j/jcl-over-slf4j/1.7.25/jcl-over-slf4j-1.7.25.jar:/home/hungcuong/.m2/repository/org/springframework/boot/spring-boot-starter-test/1.5.7.RELEASE/spring-boot-starter-test-1.5.7.RELEASE.jar:/home/hungcuong/.m2/repository/org/springframework/boot/spring-boot-test/1.5.7.RELEASE/spring-boot-test-1.5.7.RELEASE.jar:/home/hungcuong/.m2/repository/org/springframework/boot/spring-boot-test-autoconfigure/1.5.7.RELEASE/spring-boot-test-autoconfigure-1.5.7.RELEASE.jar:/home/hungcuong/.m2/repository/com/jayway/jsonpath/json-path/2.2.0/json-path-2.2.0.jar:/home/hungcuong/.m2/repository/net/minidev/json-smart/2.2.1/json-smart-2.2.1.jar:/home/hungcuong/.m2/repository/net/minidev/accessors-smart/1.1/accessors-smart-1.1.jar:/home/hungcuong/.m2/repository/org/ow2/asm/asm/5.0.3/asm-5.0.3.jar:/home/hungcuong/.m2/repository/junit/junit/4.12/junit-4.12.jar:/home/hungcuong/.m2/repository/org/assertj/assertj-core/2.6.0/assertj-core-2.6.0.jar:/home/hungcuong/.m2/repository/org/mockito/mockito-core/1.10.19/mockito-core-1.10.19.jar:/home/hungcuong/.m2/repository/org/objenesis/objenesis/2.1/objenesis-2.1.jar:/home/hungcuong/.m2/repository/org/hamcrest/hamcrest-core/1.3/hamcrest-core-1.3.jar:/home/hungcuong/.m2/repository/org/hamcrest/hamcrest-library/1.3/hamcrest-library-1.3.jar:/home/hungcuong/.m2/repository/org/skyscreamer/jsonassert/1.4.0/jsonassert-1.4.0.jar:/home/hungcuong/.m2/repository/com/vaadin/external/google/android-json/0.0.20131108.vaadin1/android-json-0.0.20131108.vaadin1.jar:/home/hungcuong/.m2/repository/org/springframework/spring-core/4.3.11.RELEASE/spring-core-4.3.11.RELEASE.jar:/home/hungcuong/.m2/repository/org/springframework/spring-test/4.3.11.RELEASE/spring-test-4.3.11.RELEASE.jar:/home/hungcuong/.m2/repository/net/java/dev/jna/jna/4.2.2/jna-4.2.2.jar:/home/hungcuong/.m2/repository/com/taskadapter/redmine-java-api/2.6.0/redmine-java-api-2.6.0.jar:/home/hungcuong/.m2/repository/org/slf4j/slf4j-api/1.7.25/slf4j-api-1.7.25.jar:/home/hungcuong/.m2/repository/org/apache/httpcomponents/httpclient/4.5.3/httpclient-4.5.3.jar:/home/hungcuong/.m2/repository/org/apache/httpcomponents/httpcore/4.4.6/httpcore-4.4.6.jar:/home/hungcuong/.m2/repository/commons-codec/commons-codec/1.10/commons-codec-1.10.jar:/home/hungcuong/.m2/repository/org/json/json/20140107/json-20140107.jar:, user.name=hungcuong, java.vm.specification.version=1.8, sun.java.command=/home/hungcuong/workspace/springboot-elasticsearch-issue/target/surefire/surefirebooter6938884519144342631.jar /home/hungcuong/workspace/springboot-elasticsearch-issue/target/surefire/surefire2434793677791898883tmp /home/hungcuong/workspace/springboot-elasticsearch-issue/target/surefire/surefire_02370229871683094362tmp, java.home=/usr/lib/jvm/java-8-oracle/jre, sun.arch.data.model=64, user.language=en, java.specification.vendor=Oracle Corporation, awt.toolkit=sun.awt.X11.XToolkit, java.vm.info=mixed mode, java.version=1.8.0_144, java.ext.dirs=/usr/lib/jvm/java-8-oracle/jre/lib/ext:/usr/java/packages/lib/ext, sun.boot.class.path=/usr/lib/jvm/java-8-oracle/jre/lib/resources.jar:/usr/lib/jvm/java-8-oracle/jre/lib/rt.jar:/usr/lib/jvm/java-8-oracle/jre/lib/sunrsasign.jar:/usr/lib/jvm/java-8-oracle/jre/lib/jsse.jar:/usr/lib/jvm/java-8-oracle/jre/lib/jce.jar:/usr/lib/jvm/java-8-oracle/jre/lib/charsets.jar:/usr/lib/jvm/java-8-oracle/jre/lib/jfr.jar:/usr/lib/jvm/java-8-oracle/jre/classes, java.vendor=Oracle Corporation, localRepository=/home/hungcuong/.m2/repository, file.separator=/, java.vendor.url.bug=http://bugreport.sun.com/bugreport/, sun.io.unicode.encoding=UnicodeLittle, sun.cpu.endian=little, sun.desktop=gnome, sun.cpu.isalist=}}, SystemEnvironmentPropertySource@112302969 {name='systemEnvironment', properties={PATH=/home/hungcuong/bin:/home/hungcuong/.local/bin:/usr/local/sbin:/usr/local/bin:/usr/sbin:/usr/bin:/sbin:/bin:/usr/games:/usr/local/games:/snap/bin:/usr/lib/jvm/java-8-oracle/bin:/usr/lib/jvm/java-8-oracle/db/bin:/usr/lib/jvm/java-8-oracle/jre/bin, LC_MEASUREMENT=vi_VN, XAUTHORITY=/home/hungcuong/.Xauthority, XMODIFIERS=@im=ibus, LC_TELEPHONE=vi_VN, XDG_DATA_DIRS=/usr/share/ubuntu:/usr/share/gnome:/usr/local/share/:/usr/share/:/var/lib/snapd/desktop, GDMSESSION=ubuntu, MANDATORY_PATH=/usr/share/gconf/ubuntu.mandatory.path, LC_TIME=vi_VN, GTK_IM_MODULE=ibus, DBUS_SESSION_BUS_ADDRESS=unix:abstract=/tmp/dbus-5sZn67vciN, DEFAULTS_PATH=/usr/share/gconf/ubuntu.default.path, XDG_CURRENT_DESKTOP=Unity, UPSTART_SESSION=unix:abstract=/com/ubuntu/upstart-session/1000/1783, QT4_IM_MODULE=xim, LC_PAPER=vi_VN, SESSION_MANAGER=local/hungcuong1604:@/tmp/.ICE-unix/2029,unix/hungcuong1604:/tmp/.ICE-unix/2029, QT_LINUX_ACCESSIBILITY_ALWAYS_ON=1, LOGNAME=hungcuong, JOB=dbus, PWD=/home/hungcuong/workspace/springboot-elasticsearch-issue, DERBY_HOME=/usr/lib/jvm/java-8-oracle/db, IM_CONFIG_PHASE=1, LANGUAGE=en_US, SHELL=/bin/bash, LC_ADDRESS=vi_VN, GIO_LAUNCHED_DESKTOP_FILE=/etc/xdg/autostart/nautilus-autostart.desktop, GTK2_MODULES=overlay-scrollbar, INSTANCE=, J2SDKDIR=/usr/lib/jvm/java-8-oracle, OLDPWD=/home/hungcuong/workspace/springboot-elasticsearch-issue, GNOME_DESKTOP_SESSION_ID=this-is-deprecated, GTK_MODULES=gail:atk-bridge:unity-gtk-module, J2REDIR=/usr/lib/jvm/java-8-oracle/jre, GDK_SCALE=1, CLUTTER_IM_MODULE=xim, XDG_SESSION_PATH=/org/freedesktop/DisplayManager/Session0, SESSIONTYPE=gnome-session, XDG_SESSION_DESKTOP=ubuntu, SHLVL=0, LC_IDENTIFICATION=vi_VN, LC_MONETARY=vi_VN, OXYGEN_DISABLE_INNER_SHADOWS_HACK=1, COMPIZ_CONFIG_PROFILE=ubuntu, QT_IM_MODULE=ibus, JAVA_HOME=/usr/lib/jvm/java-8-oracle, XDG_CONFIG_DIRS=/etc/xdg/xdg-ubuntu:/usr/share/upstart/xdg:/etc/xdg, XFILESEARCHPATH=/usr/dt/app-defaults/%L/Dt, LANG=en_US.UTF-8, GNOME_KEYRING_CONTROL=, XDG_SEAT_PATH=/org/freedesktop/DisplayManager/Seat0, XDG_SESSION_ID=c2, XDG_SESSION_TYPE=x11, DISPLAY=:0, LC_NAME=vi_VN, GDM_LANG=en_US, XDG_GREETER_DATA_DIR=/var/lib/lightdm-data/hungcuong, LIBOVERLAY_SCROLLBAR=0, GPG_AGENT_INFO=/home/hungcuong/.gnupg/S.gpg-agent:0:1, GDK_CORE_DEVICE_EVENTS=1, DESKTOP_SESSION=ubuntu, SESSION=ubuntu, USER=hungcuong, XDG_MENU_PREFIX=gnome-, GIO_LAUNCHED_DESKTOP_FILE_PID=2245, QT_ACCESSIBILITY=1, LC_NUMERIC=vi_VN, SSH_AUTH_SOCK=/run/user/1000/keyring/ssh, XDG_SEAT=seat0, NLSPATH=/usr/dt/lib/nls/msg/%L/%N.cat, QT_QPA_PLATFORMTHEME=appmenu-qt5, XDG_VTNR=7, XDG_RUNTIME_DIR=/run/user/1000, HOME=/home/hungcuong, GNOME_KEYRING_PID=}}]
21:22:45.181 [main] DEBUG org.springframework.core.env.MutablePropertySources - Adding PropertySource 'inline' with highest search precedence
21:22:45.184 [main] DEBUG org.springframework.test.context.support.TestPropertySourceUtils - Adding inlined properties to environment: {spring.jmx.enabled=false, org.springframework.boot.test.context.SpringBootTestContextBootstrapper=true, server.port=-1}
21:22:45.184 [main] DEBUG org.springframework.core.env.StandardEnvironment - Adding PropertySource 'Inlined Test Properties' with highest search precedence

  .   ____          _            __ _ _
 /\\ / ___'_ __ _ _(_)_ __  __ _ \ \ \ \
( ( )\___ | '_ | '_| | '_ \/ _` | \ \ \ \
 \\/  ___)| |_)| | | | | || (_| |  ) ) ) )
  '  |____| .__|_| |_|_| |_\__, | / / / /
 =========|_|==============|___/=/_/_/_/
 :: Spring Boot ::        (v1.5.7.RELEASE)

2017-09-21 21:22:45.387  WARN 1705 --- [           main] ory$DuplicateJsonObjectContextCustomizer : 

Found multiple occurrences of org.json.JSONObject on the class path:

	jar:file:/home/hungcuong/.m2/repository/com/vaadin/external/google/android-json/0.0.20131108.vaadin1/android-json-0.0.20131108.vaadin1.jar!/org/json/JSONObject.class
	jar:file:/home/hungcuong/.m2/repository/org/json/json/20140107/json-20140107.jar!/org/json/JSONObject.class

You may wish to exclude one of them to ensure predictable runtime behaviour

2017-09-21 21:22:45.397  INFO 1705 --- [           main] cuong.MyIssueServiceTest                 : Starting MyIssueServiceTest on hungcuong1604 with PID 1705 (started by hungcuong in /home/hungcuong/workspace/springboot-elasticsearch-issue)
2017-09-21 21:22:45.398  INFO 1705 --- [           main] cuong.MyIssueServiceTest                 : No active profile set, falling back to default profiles: default
2017-09-21 21:22:45.414  INFO 1705 --- [           main] s.c.a.AnnotationConfigApplicationContext : Refreshing org.springframework.context.annotation.AnnotationConfigApplicationContext@2b4bac49: startup date [Thu Sep 21 21:22:45 ICT 2017]; root of context hierarchy
2017-09-21 21:22:45.669  INFO 1705 --- [           main] o.s.b.f.s.DefaultListableBeanFactory     : Overriding bean definition for bean 'elasticsearchTemplate' with a different definition: replacing [Root bean: class [null]; scope=; abstract=false; lazyInit=false; autowireMode=3; dependencyCheck=0; autowireCandidate=true; primary=false; factoryBeanName=esConfig; factoryMethodName=elasticsearchTemplate; initMethodName=null; destroyMethodName=(inferred); defined in class path resource [cuong/EsConfig.class]] with [Root bean: class [null]; scope=; abstract=false; lazyInit=false; autowireMode=3; dependencyCheck=0; autowireCandidate=true; primary=false; factoryBeanName=org.springframework.boot.autoconfigure.data.elasticsearch.ElasticsearchDataAutoConfiguration; factoryMethodName=elasticsearchTemplate; initMethodName=null; destroyMethodName=(inferred); defined in class path resource [org/springframework/boot/autoconfigure/data/elasticsearch/ElasticsearchDataAutoConfiguration.class]]
2017-09-21 21:22:45.952  INFO 1705 --- [           main] org.elasticsearch.plugins                : [Carmilla Black] modules [], plugins [], sites []
--ElasticSearch-->
client.type = transport
cluster.name = elasticsearch
name = Carmilla Black
network.server = false
node.client = true
transport.ping_schedule = 5s
<--ElasticSearch--
id:698074
subject:test redmine java api
description:chi la test thoi ma
startdate:Tue Sep 19 00:00:00 ICT 2017
duedate:Tue Sep 26 00:00:00 ICT 2017
totalhours:null
project:project cuong test

2017-09-21 21:22:49.241  INFO 1705 --- [           main] utoConfigurationReportLoggingInitializer : 

Error starting ApplicationContext. To display the auto-configuration report re-run your application with 'debug' enabled.
2017-09-21 21:22:49.258 ERROR 1705 --- [           main] o.s.boot.SpringApplication               : Application startup failed

java.lang.IllegalStateException: Failed to execute CommandLineRunner
	at org.springframework.boot.SpringApplication.callRunner(SpringApplication.java:735) ~[spring-boot-1.5.7.RELEASE.jar:1.5.7.RELEASE]
	at org.springframework.boot.SpringApplication.callRunners(SpringApplication.java:716) ~[spring-boot-1.5.7.RELEASE.jar:1.5.7.RELEASE]
	at org.springframework.boot.SpringApplication.afterRefresh(SpringApplication.java:703) ~[spring-boot-1.5.7.RELEASE.jar:1.5.7.RELEASE]
	at org.springframework.boot.SpringApplication.run(SpringApplication.java:304) ~[spring-boot-1.5.7.RELEASE.jar:1.5.7.RELEASE]
	at org.springframework.boot.test.context.SpringBootContextLoader.loadContext(SpringBootContextLoader.java:120) [spring-boot-test-1.5.7.RELEASE.jar:1.5.7.RELEASE]
	at org.springframework.test.context.cache.DefaultCacheAwareContextLoaderDelegate.loadContextInternal(DefaultCacheAwareContextLoaderDelegate.java:98) [spring-test-4.3.11.RELEASE.jar:4.3.11.RELEASE]
	at org.springframework.test.context.cache.DefaultCacheAwareContextLoaderDelegate.loadContext(DefaultCacheAwareContextLoaderDelegate.java:116) [spring-test-4.3.11.RELEASE.jar:4.3.11.RELEASE]
	at org.springframework.test.context.support.DefaultTestContext.getApplicationContext(DefaultTestContext.java:83) [spring-test-4.3.11.RELEASE.jar:4.3.11.RELEASE]
	at org.springframework.test.context.support.DependencyInjectionTestExecutionListener.injectDependencies(DependencyInjectionTestExecutionListener.java:117) [spring-test-4.3.11.RELEASE.jar:4.3.11.RELEASE]
	at org.springframework.test.context.support.DependencyInjectionTestExecutionListener.prepareTestInstance(DependencyInjectionTestExecutionListener.java:83) [spring-test-4.3.11.RELEASE.jar:4.3.11.RELEASE]
	at org.springframework.boot.test.autoconfigure.SpringBootDependencyInjectionTestExecutionListener.prepareTestInstance(SpringBootDependencyInjectionTestExecutionListener.java:44) [spring-boot-test-autoconfigure-1.5.7.RELEASE.jar:1.5.7.RELEASE]
	at org.springframework.test.context.TestContextManager.prepareTestInstance(TestContextManager.java:230) [spring-test-4.3.11.RELEASE.jar:4.3.11.RELEASE]
	at org.springframework.test.context.junit4.SpringJUnit4ClassRunner.createTest(SpringJUnit4ClassRunner.java:228) [spring-test-4.3.11.RELEASE.jar:4.3.11.RELEASE]
	at org.springframework.test.context.junit4.SpringJUnit4ClassRunner$1.runReflectiveCall(SpringJUnit4ClassRunner.java:287) [spring-test-4.3.11.RELEASE.jar:4.3.11.RELEASE]
	at org.junit.internal.runners.model.ReflectiveCallable.run(ReflectiveCallable.java:12) [junit-4.12.jar:4.12]
	at org.springframework.test.context.junit4.SpringJUnit4ClassRunner.methodBlock(SpringJUnit4ClassRunner.java:289) [spring-test-4.3.11.RELEASE.jar:4.3.11.RELEASE]
	at org.springframework.test.context.junit4.SpringJUnit4ClassRunner.runChild(SpringJUnit4ClassRunner.java:247) [spring-test-4.3.11.RELEASE.jar:4.3.11.RELEASE]
	at org.springframework.test.context.junit4.SpringJUnit4ClassRunner.runChild(SpringJUnit4ClassRunner.java:94) [spring-test-4.3.11.RELEASE.jar:4.3.11.RELEASE]
	at org.junit.runners.ParentRunner$3.run(ParentRunner.java:290) [junit-4.12.jar:4.12]
	at org.junit.runners.ParentRunner$1.schedule(ParentRunner.java:71) [junit-4.12.jar:4.12]
	at org.junit.runners.ParentRunner.runChildren(ParentRunner.java:288) [junit-4.12.jar:4.12]
	at org.junit.runners.ParentRunner.access$000(ParentRunner.java:58) [junit-4.12.jar:4.12]
	at org.junit.runners.ParentRunner$2.evaluate(ParentRunner.java:268) [junit-4.12.jar:4.12]
	at org.springframework.test.context.junit4.statements.RunBeforeTestClassCallbacks.evaluate(RunBeforeTestClassCallbacks.java:61) [spring-test-4.3.11.RELEASE.jar:4.3.11.RELEASE]
	at org.springframework.test.context.junit4.statements.RunAfterTestClassCallbacks.evaluate(RunAfterTestClassCallbacks.java:70) [spring-test-4.3.11.RELEASE.jar:4.3.11.RELEASE]
	at org.junit.runners.ParentRunner.run(ParentRunner.java:363) [junit-4.12.jar:4.12]
	at org.springframework.test.context.junit4.SpringJUnit4ClassRunner.run(SpringJUnit4ClassRunner.java:191) [spring-test-4.3.11.RELEASE.jar:4.3.11.RELEASE]
	at org.apache.maven.surefire.junit4.JUnit4Provider.execute(JUnit4Provider.java:283) [surefire-junit4-2.18.1.jar:2.18.1]
	at org.apache.maven.surefire.junit4.JUnit4Provider.executeWithRerun(JUnit4Provider.java:173) [surefire-junit4-2.18.1.jar:2.18.1]
	at org.apache.maven.surefire.junit4.JUnit4Provider.executeTestSet(JUnit4Provider.java:153) [surefire-junit4-2.18.1.jar:2.18.1]
	at org.apache.maven.surefire.junit4.JUnit4Provider.invoke(JUnit4Provider.java:128) [surefire-junit4-2.18.1.jar:2.18.1]
	at org.apache.maven.surefire.booter.ForkedBooter.invokeProviderInSameClassLoader(ForkedBooter.java:203) [surefire-booter-2.18.1.jar:2.18.1]
	at org.apache.maven.surefire.booter.ForkedBooter.runSuitesInProcess(ForkedBooter.java:155) [surefire-booter-2.18.1.jar:2.18.1]
	at org.apache.maven.surefire.booter.ForkedBooter.main(ForkedBooter.java:103) [surefire-booter-2.18.1.jar:2.18.1]
Caused by: org.elasticsearch.index.mapper.MapperParsingException: failed to parse [startdate]
	at org.elasticsearch.index.mapper.FieldMapper.parse(FieldMapper.java:329) ~[elasticsearch-2.4.6.jar:2.4.6]
	at org.elasticsearch.index.mapper.DocumentParser.parseObjectOrField(DocumentParser.java:311) ~[elasticsearch-2.4.6.jar:2.4.6]
	at org.elasticsearch.index.mapper.DocumentParser.parseValue(DocumentParser.java:438) ~[elasticsearch-2.4.6.jar:2.4.6]
	at org.elasticsearch.index.mapper.DocumentParser.parseObject(DocumentParser.java:264) ~[elasticsearch-2.4.6.jar:2.4.6]
	at org.elasticsearch.index.mapper.DocumentParser.parseDocument(DocumentParser.java:124) ~[elasticsearch-2.4.6.jar:2.4.6]
	at org.elasticsearch.index.mapper.DocumentMapper.parse(DocumentMapper.java:309) ~[elasticsearch-2.4.6.jar:2.4.6]
	at org.elasticsearch.index.shard.IndexShard.prepareIndex(IndexShard.java:584) ~[elasticsearch-2.4.6.jar:2.4.6]
	at org.elasticsearch.index.shard.IndexShard.prepareIndexOnPrimary(IndexShard.java:563) ~[elasticsearch-2.4.6.jar:2.4.6]
	at org.elasticsearch.action.index.TransportIndexAction.prepareIndexOperationOnPrimary(TransportIndexAction.java:211) ~[elasticsearch-2.4.6.jar:2.4.6]
	at org.elasticsearch.action.index.TransportIndexAction.executeIndexRequestOnPrimary(TransportIndexAction.java:223) ~[elasticsearch-2.4.6.jar:2.4.6]
	at org.elasticsearch.action.index.TransportIndexAction.shardOperationOnPrimary(TransportIndexAction.java:157) ~[elasticsearch-2.4.6.jar:2.4.6]
	at org.elasticsearch.action.index.TransportIndexAction.shardOperationOnPrimary(TransportIndexAction.java:66) ~[elasticsearch-2.4.6.jar:2.4.6]
	at org.elasticsearch.action.support.replication.TransportReplicationAction$PrimaryPhase.doRun(TransportReplicationAction.java:657) ~[elasticsearch-2.4.6.jar:2.4.6]
	at org.elasticsearch.common.util.concurrent.AbstractRunnable.run(AbstractRunnable.java:37) ~[elasticsearch-2.4.6.jar:2.4.6]
	at org.elasticsearch.action.support.replication.TransportReplicationAction$PrimaryOperationTransportHandler.messageReceived(TransportReplicationAction.java:287) ~[elasticsearch-2.4.6.jar:2.4.6]
	at org.elasticsearch.action.support.replication.TransportReplicationAction$PrimaryOperationTransportHandler.messageReceived(TransportReplicationAction.java:279) ~[elasticsearch-2.4.6.jar:2.4.6]
	at org.elasticsearch.transport.RequestHandlerRegistry.processMessageReceived(RequestHandlerRegistry.java:77) ~[elasticsearch-2.4.6.jar:2.4.6]
	at org.elasticsearch.transport.TransportService$4.doRun(TransportService.java:378) ~[elasticsearch-2.4.6.jar:2.4.6]
	at org.elasticsearch.common.util.concurrent.AbstractRunnable.run(AbstractRunnable.java:37) ~[elasticsearch-2.4.6.jar:2.4.6]
	at java.util.concurrent.ThreadPoolExecutor.runWorker(ThreadPoolExecutor.java:1149) ~[na:1.8.0_144]
	at java.util.concurrent.ThreadPoolExecutor$Worker.run(ThreadPoolExecutor.java:624) ~[na:1.8.0_144]
	at java.lang.Thread.run(Thread.java:748) ~[na:1.8.0_144]
Caused by: java.lang.IllegalArgumentException: Invalid format: "Tue Sep 19 00:00:00 ICT 2017"
	at org.joda.time.format.DateTimeParserBucket.doParseMillis(DateTimeParserBucket.java:187) ~[joda-time-2.9.9.jar:2.9.9]
	at org.joda.time.format.DateTimeFormatter.parseMillis(DateTimeFormatter.java:826) ~[joda-time-2.9.9.jar:2.9.9]
	at org.elasticsearch.index.mapper.core.DateFieldMapper$DateFieldType.parseStringValue(DateFieldMapper.java:366) ~[elasticsearch-2.4.6.jar:2.4.6]
	at org.elasticsearch.index.mapper.core.DateFieldMapper.innerParseCreateField(DateFieldMapper.java:534) ~[elasticsearch-2.4.6.jar:2.4.6]
	at org.elasticsearch.index.mapper.core.NumberFieldMapper.parseCreateField(NumberFieldMapper.java:241) ~[elasticsearch-2.4.6.jar:2.4.6]
	at org.elasticsearch.index.mapper.FieldMapper.parse(FieldMapper.java:321) ~[elasticsearch-2.4.6.jar:2.4.6]
	... 21 common frames omitted

2017-09-21 21:22:49.260  INFO 1705 --- [           main] s.c.a.AnnotationConfigApplicationContext : Closing org.springframework.context.annotation.AnnotationConfigApplicationContext@2b4bac49: startup date [Thu Sep 21 21:22:45 ICT 2017]; root of context hierarchy

  .   ____          _            __ _ _
 /\\ / ___'_ __ _ _(_)_ __  __ _ \ \ \ \
( ( )\___ | '_ | '_| | '_ \/ _` | \ \ \ \
 \\/  ___)| |_)| | | | | || (_| |  ) ) ) )
  '  |____| .__|_| |_|_| |_\__, | / / / /
 =========|_|==============|___/=/_/_/_/
 :: Spring Boot ::        (v1.5.7.RELEASE)

2017-09-21 21:22:49.312  WARN 1705 --- [           main] ory$DuplicateJsonObjectContextCustomizer : 

Found multiple occurrences of org.json.JSONObject on the class path:

	jar:file:/home/hungcuong/.m2/repository/com/vaadin/external/google/android-json/0.0.20131108.vaadin1/android-json-0.0.20131108.vaadin1.jar!/org/json/JSONObject.class
	jar:file:/home/hungcuong/.m2/repository/org/json/json/20140107/json-20140107.jar!/org/json/JSONObject.class

You may wish to exclude one of them to ensure predictable runtime behaviour

2017-09-21 21:22:49.313  INFO 1705 --- [           main] cuong.MyIssueServiceTest                 : Starting MyIssueServiceTest on hungcuong1604 with PID 1705 (started by hungcuong in /home/hungcuong/workspace/springboot-elasticsearch-issue)
2017-09-21 21:22:49.314  INFO 1705 --- [           main] cuong.MyIssueServiceTest                 : No active profile set, falling back to default profiles: default
2017-09-21 21:22:49.315  INFO 1705 --- [           main] s.c.a.AnnotationConfigApplicationContext : Refreshing org.springframework.context.annotation.AnnotationConfigApplicationContext@18a19e: startup date [Thu Sep 21 21:22:49 ICT 2017]; root of context hierarchy
2017-09-21 21:22:49.404  INFO 1705 --- [           main] o.s.b.f.s.DefaultListableBeanFactory     : Overriding bean definition for bean 'elasticsearchTemplate' with a different definition: replacing [Root bean: class [null]; scope=; abstract=false; lazyInit=false; autowireMode=3; dependencyCheck=0; autowireCandidate=true; primary=false; factoryBeanName=esConfig; factoryMethodName=elasticsearchTemplate; initMethodName=null; destroyMethodName=(inferred); defined in class path resource [cuong/EsConfig.class]] with [Root bean: class [null]; scope=; abstract=false; lazyInit=false; autowireMode=3; dependencyCheck=0; autowireCandidate=true; primary=false; factoryBeanName=org.springframework.boot.autoconfigure.data.elasticsearch.ElasticsearchDataAutoConfiguration; factoryMethodName=elasticsearchTemplate; initMethodName=null; destroyMethodName=(inferred); defined in class path resource [org/springframework/boot/autoconfigure/data/elasticsearch/ElasticsearchDataAutoConfiguration.class]]
2017-09-21 21:22:49.453  INFO 1705 --- [           main] org.elasticsearch.plugins                : [Dansen Macabre] modules [], plugins [], sites []
--ElasticSearch-->
client.type = transport
cluster.name = elasticsearch
name = Dansen Macabre
network.server = false
node.client = true
transport.ping_schedule = 5s
<--ElasticSearch--
id:698074
subject:test redmine java api
description:chi la test thoi ma
startdate:Tue Sep 19 00:00:00 ICT 2017
duedate:Tue Sep 26 00:00:00 ICT 2017
totalhours:null
project:project cuong test

2017-09-21 21:22:50.401  INFO 1705 --- [           main] utoConfigurationReportLoggingInitializer : 

Error starting ApplicationContext. To display the auto-configuration report re-run your application with 'debug' enabled.
2017-09-21 21:22:50.403 ERROR 1705 --- [           main] o.s.boot.SpringApplication               : Application startup failed

java.lang.IllegalStateException: Failed to execute CommandLineRunner
	at org.springframework.boot.SpringApplication.callRunner(SpringApplication.java:735) ~[spring-boot-1.5.7.RELEASE.jar:1.5.7.RELEASE]
	at org.springframework.boot.SpringApplication.callRunners(SpringApplication.java:716) ~[spring-boot-1.5.7.RELEASE.jar:1.5.7.RELEASE]
	at org.springframework.boot.SpringApplication.afterRefresh(SpringApplication.java:703) ~[spring-boot-1.5.7.RELEASE.jar:1.5.7.RELEASE]
	at org.springframework.boot.SpringApplication.run(SpringApplication.java:304) ~[spring-boot-1.5.7.RELEASE.jar:1.5.7.RELEASE]
	at org.springframework.boot.test.context.SpringBootContextLoader.loadContext(SpringBootContextLoader.java:120) [spring-boot-test-1.5.7.RELEASE.jar:1.5.7.RELEASE]
	at org.springframework.test.context.cache.DefaultCacheAwareContextLoaderDelegate.loadContextInternal(DefaultCacheAwareContextLoaderDelegate.java:98) [spring-test-4.3.11.RELEASE.jar:4.3.11.RELEASE]
	at org.springframework.test.context.cache.DefaultCacheAwareContextLoaderDelegate.loadContext(DefaultCacheAwareContextLoaderDelegate.java:116) [spring-test-4.3.11.RELEASE.jar:4.3.11.RELEASE]
	at org.springframework.test.context.support.DefaultTestContext.getApplicationContext(DefaultTestContext.java:83) [spring-test-4.3.11.RELEASE.jar:4.3.11.RELEASE]
	at org.springframework.boot.test.autoconfigure.SpringBootDependencyInjectionTestExecutionListener.outputConditionEvaluationReport(SpringBootDependencyInjectionTestExecutionListener.java:54) [spring-boot-test-autoconfigure-1.5.7.RELEASE.jar:1.5.7.RELEASE]
	at org.springframework.boot.test.autoconfigure.SpringBootDependencyInjectionTestExecutionListener.prepareTestInstance(SpringBootDependencyInjectionTestExecutionListener.java:47) [spring-boot-test-autoconfigure-1.5.7.RELEASE.jar:1.5.7.RELEASE]
	at org.springframework.test.context.TestContextManager.prepareTestInstance(TestContextManager.java:230) [spring-test-4.3.11.RELEASE.jar:4.3.11.RELEASE]
	at org.springframework.test.context.junit4.SpringJUnit4ClassRunner.createTest(SpringJUnit4ClassRunner.java:228) [spring-test-4.3.11.RELEASE.jar:4.3.11.RELEASE]
	at org.springframework.test.context.junit4.SpringJUnit4ClassRunner$1.runReflectiveCall(SpringJUnit4ClassRunner.java:287) [spring-test-4.3.11.RELEASE.jar:4.3.11.RELEASE]
	at org.junit.internal.runners.model.ReflectiveCallable.run(ReflectiveCallable.java:12) [junit-4.12.jar:4.12]
	at org.springframework.test.context.junit4.SpringJUnit4ClassRunner.methodBlock(SpringJUnit4ClassRunner.java:289) [spring-test-4.3.11.RELEASE.jar:4.3.11.RELEASE]
	at org.springframework.test.context.junit4.SpringJUnit4ClassRunner.runChild(SpringJUnit4ClassRunner.java:247) [spring-test-4.3.11.RELEASE.jar:4.3.11.RELEASE]
	at org.springframework.test.context.junit4.SpringJUnit4ClassRunner.runChild(SpringJUnit4ClassRunner.java:94) [spring-test-4.3.11.RELEASE.jar:4.3.11.RELEASE]
	at org.junit.runners.ParentRunner$3.run(ParentRunner.java:290) [junit-4.12.jar:4.12]
	at org.junit.runners.ParentRunner$1.schedule(ParentRunner.java:71) [junit-4.12.jar:4.12]
	at org.junit.runners.ParentRunner.runChildren(ParentRunner.java:288) [junit-4.12.jar:4.12]
	at org.junit.runners.ParentRunner.access$000(ParentRunner.java:58) [junit-4.12.jar:4.12]
	at org.junit.runners.ParentRunner$2.evaluate(ParentRunner.java:268) [junit-4.12.jar:4.12]
	at org.springframework.test.context.junit4.statements.RunBeforeTestClassCallbacks.evaluate(RunBeforeTestClassCallbacks.java:61) [spring-test-4.3.11.RELEASE.jar:4.3.11.RELEASE]
	at org.springframework.test.context.junit4.statements.RunAfterTestClassCallbacks.evaluate(RunAfterTestClassCallbacks.java:70) [spring-test-4.3.11.RELEASE.jar:4.3.11.RELEASE]
	at org.junit.runners.ParentRunner.run(ParentRunner.java:363) [junit-4.12.jar:4.12]
	at org.springframework.test.context.junit4.SpringJUnit4ClassRunner.run(SpringJUnit4ClassRunner.java:191) [spring-test-4.3.11.RELEASE.jar:4.3.11.RELEASE]
	at org.apache.maven.surefire.junit4.JUnit4Provider.execute(JUnit4Provider.java:283) [surefire-junit4-2.18.1.jar:2.18.1]
	at org.apache.maven.surefire.junit4.JUnit4Provider.executeWithRerun(JUnit4Provider.java:173) [surefire-junit4-2.18.1.jar:2.18.1]
	at org.apache.maven.surefire.junit4.JUnit4Provider.executeTestSet(JUnit4Provider.java:153) [surefire-junit4-2.18.1.jar:2.18.1]
	at org.apache.maven.surefire.junit4.JUnit4Provider.invoke(JUnit4Provider.java:128) [surefire-junit4-2.18.1.jar:2.18.1]
	at org.apache.maven.surefire.booter.ForkedBooter.invokeProviderInSameClassLoader(ForkedBooter.java:203) [surefire-booter-2.18.1.jar:2.18.1]
	at org.apache.maven.surefire.booter.ForkedBooter.runSuitesInProcess(ForkedBooter.java:155) [surefire-booter-2.18.1.jar:2.18.1]
	at org.apache.maven.surefire.booter.ForkedBooter.main(ForkedBooter.java:103) [surefire-booter-2.18.1.jar:2.18.1]
Caused by: org.elasticsearch.index.mapper.MapperParsingException: failed to parse [startdate]
	at org.elasticsearch.index.mapper.FieldMapper.parse(FieldMapper.java:329) ~[elasticsearch-2.4.6.jar:2.4.6]
	at org.elasticsearch.index.mapper.DocumentParser.parseObjectOrField(DocumentParser.java:311) ~[elasticsearch-2.4.6.jar:2.4.6]
	at org.elasticsearch.index.mapper.DocumentParser.parseValue(DocumentParser.java:438) ~[elasticsearch-2.4.6.jar:2.4.6]
	at org.elasticsearch.index.mapper.DocumentParser.parseObject(DocumentParser.java:264) ~[elasticsearch-2.4.6.jar:2.4.6]
	at org.elasticsearch.index.mapper.DocumentParser.parseDocument(DocumentParser.java:124) ~[elasticsearch-2.4.6.jar:2.4.6]
	at org.elasticsearch.index.mapper.DocumentMapper.parse(DocumentMapper.java:309) ~[elasticsearch-2.4.6.jar:2.4.6]
	at org.elasticsearch.index.shard.IndexShard.prepareIndex(IndexShard.java:584) ~[elasticsearch-2.4.6.jar:2.4.6]
	at org.elasticsearch.index.shard.IndexShard.prepareIndexOnPrimary(IndexShard.java:563) ~[elasticsearch-2.4.6.jar:2.4.6]
	at org.elasticsearch.action.index.TransportIndexAction.prepareIndexOperationOnPrimary(TransportIndexAction.java:211) ~[elasticsearch-2.4.6.jar:2.4.6]
	at org.elasticsearch.action.index.TransportIndexAction.executeIndexRequestOnPrimary(TransportIndexAction.java:223) ~[elasticsearch-2.4.6.jar:2.4.6]
	at org.elasticsearch.action.index.TransportIndexAction.shardOperationOnPrimary(TransportIndexAction.java:157) ~[elasticsearch-2.4.6.jar:2.4.6]
	at org.elasticsearch.action.index.TransportIndexAction.shardOperationOnPrimary(TransportIndexAction.java:66) ~[elasticsearch-2.4.6.jar:2.4.6]
	at org.elasticsearch.action.support.replication.TransportReplicationAction$PrimaryPhase.doRun(TransportReplicationAction.java:657) ~[elasticsearch-2.4.6.jar:2.4.6]
	at org.elasticsearch.common.util.concurrent.AbstractRunnable.run(AbstractRunnable.java:37) ~[elasticsearch-2.4.6.jar:2.4.6]
	at org.elasticsearch.action.support.replication.TransportReplicationAction$PrimaryOperationTransportHandler.messageReceived(TransportReplicationAction.java:287) ~[elasticsearch-2.4.6.jar:2.4.6]
	at org.elasticsearch.action.support.replication.TransportReplicationAction$PrimaryOperationTransportHandler.messageReceived(TransportReplicationAction.java:279) ~[elasticsearch-2.4.6.jar:2.4.6]
	at org.elasticsearch.transport.RequestHandlerRegistry.processMessageReceived(RequestHandlerRegistry.java:77) ~[elasticsearch-2.4.6.jar:2.4.6]
	at org.elasticsearch.transport.TransportService$4.doRun(TransportService.java:378) ~[elasticsearch-2.4.6.jar:2.4.6]
	at org.elasticsearch.common.util.concurrent.AbstractRunnable.run(AbstractRunnable.java:37) ~[elasticsearch-2.4.6.jar:2.4.6]
	at java.util.concurrent.ThreadPoolExecutor.runWorker(ThreadPoolExecutor.java:1149) ~[na:1.8.0_144]
	at java.util.concurrent.ThreadPoolExecutor$Worker.run(ThreadPoolExecutor.java:624) ~[na:1.8.0_144]
	at java.lang.Thread.run(Thread.java:748) ~[na:1.8.0_144]
Caused by: java.lang.IllegalArgumentException: Invalid format: "Tue Sep 19 00:00:00 ICT 2017"
	at org.joda.time.format.DateTimeParserBucket.doParseMillis(DateTimeParserBucket.java:187) ~[joda-time-2.9.9.jar:2.9.9]
	at org.joda.time.format.DateTimeFormatter.parseMillis(DateTimeFormatter.java:826) ~[joda-time-2.9.9.jar:2.9.9]
	at org.elasticsearch.index.mapper.core.DateFieldMapper$DateFieldType.parseStringValue(DateFieldMapper.java:366) ~[elasticsearch-2.4.6.jar:2.4.6]
	at org.elasticsearch.index.mapper.core.DateFieldMapper.innerParseCreateField(DateFieldMapper.java:534) ~[elasticsearch-2.4.6.jar:2.4.6]
	at org.elasticsearch.index.mapper.core.NumberFieldMapper.parseCreateField(NumberFieldMapper.java:241) ~[elasticsearch-2.4.6.jar:2.4.6]
	at org.elasticsearch.index.mapper.FieldMapper.parse(FieldMapper.java:321) ~[elasticsearch-2.4.6.jar:2.4.6]
	... 21 common frames omitted

2017-09-21 21:22:50.405  INFO 1705 --- [           main] s.c.a.AnnotationConfigApplicationContext : Closing org.springframework.context.annotation.AnnotationConfigApplicationContext@18a19e: startup date [Thu Sep 21 21:22:49 ICT 2017]; root of context hierarchy
2017-09-21 21:22:50.434 ERROR 1705 --- [           main] o.s.test.context.TestContextManager      : Caught exception while allowing TestExecutionListener [org.springframework.boot.test.autoconfigure.SpringBootDependencyInjectionTestExecutionListener@43d7741f] to prepare test instance [cuong.MyIssueServiceTest@1188e820]

java.lang.IllegalStateException: Failed to load ApplicationContext
	at org.springframework.test.context.cache.DefaultCacheAwareContextLoaderDelegate.loadContext(DefaultCacheAwareContextLoaderDelegate.java:124) ~[spring-test-4.3.11.RELEASE.jar:4.3.11.RELEASE]
	at org.springframework.test.context.support.DefaultTestContext.getApplicationContext(DefaultTestContext.java:83) ~[spring-test-4.3.11.RELEASE.jar:4.3.11.RELEASE]
	at org.springframework.test.context.support.DependencyInjectionTestExecutionListener.injectDependencies(DependencyInjectionTestExecutionListener.java:117) ~[spring-test-4.3.11.RELEASE.jar:4.3.11.RELEASE]
	at org.springframework.test.context.support.DependencyInjectionTestExecutionListener.prepareTestInstance(DependencyInjectionTestExecutionListener.java:83) ~[spring-test-4.3.11.RELEASE.jar:4.3.11.RELEASE]
	at org.springframework.boot.test.autoconfigure.SpringBootDependencyInjectionTestExecutionListener.prepareTestInstance(SpringBootDependencyInjectionTestExecutionListener.java:44) ~[spring-boot-test-autoconfigure-1.5.7.RELEASE.jar:1.5.7.RELEASE]
	at org.springframework.test.context.TestContextManager.prepareTestInstance(TestContextManager.java:230) ~[spring-test-4.3.11.RELEASE.jar:4.3.11.RELEASE]
	at org.springframework.test.context.junit4.SpringJUnit4ClassRunner.createTest(SpringJUnit4ClassRunner.java:228) [spring-test-4.3.11.RELEASE.jar:4.3.11.RELEASE]
	at org.springframework.test.context.junit4.SpringJUnit4ClassRunner$1.runReflectiveCall(SpringJUnit4ClassRunner.java:287) [spring-test-4.3.11.RELEASE.jar:4.3.11.RELEASE]
	at org.junit.internal.runners.model.ReflectiveCallable.run(ReflectiveCallable.java:12) [junit-4.12.jar:4.12]
	at org.springframework.test.context.junit4.SpringJUnit4ClassRunner.methodBlock(SpringJUnit4ClassRunner.java:289) [spring-test-4.3.11.RELEASE.jar:4.3.11.RELEASE]
	at org.springframework.test.context.junit4.SpringJUnit4ClassRunner.runChild(SpringJUnit4ClassRunner.java:247) [spring-test-4.3.11.RELEASE.jar:4.3.11.RELEASE]
	at org.springframework.test.context.junit4.SpringJUnit4ClassRunner.runChild(SpringJUnit4ClassRunner.java:94) [spring-test-4.3.11.RELEASE.jar:4.3.11.RELEASE]
	at org.junit.runners.ParentRunner$3.run(ParentRunner.java:290) [junit-4.12.jar:4.12]
	at org.junit.runners.ParentRunner$1.schedule(ParentRunner.java:71) [junit-4.12.jar:4.12]
	at org.junit.runners.ParentRunner.runChildren(ParentRunner.java:288) [junit-4.12.jar:4.12]
	at org.junit.runners.ParentRunner.access$000(ParentRunner.java:58) [junit-4.12.jar:4.12]
	at org.junit.runners.ParentRunner$2.evaluate(ParentRunner.java:268) [junit-4.12.jar:4.12]
	at org.springframework.test.context.junit4.statements.RunBeforeTestClassCallbacks.evaluate(RunBeforeTestClassCallbacks.java:61) [spring-test-4.3.11.RELEASE.jar:4.3.11.RELEASE]
	at org.springframework.test.context.junit4.statements.RunAfterTestClassCallbacks.evaluate(RunAfterTestClassCallbacks.java:70) [spring-test-4.3.11.RELEASE.jar:4.3.11.RELEASE]
	at org.junit.runners.ParentRunner.run(ParentRunner.java:363) [junit-4.12.jar:4.12]
	at org.springframework.test.context.junit4.SpringJUnit4ClassRunner.run(SpringJUnit4ClassRunner.java:191) [spring-test-4.3.11.RELEASE.jar:4.3.11.RELEASE]
	at org.apache.maven.surefire.junit4.JUnit4Provider.execute(JUnit4Provider.java:283) [surefire-junit4-2.18.1.jar:2.18.1]
	at org.apache.maven.surefire.junit4.JUnit4Provider.executeWithRerun(JUnit4Provider.java:173) [surefire-junit4-2.18.1.jar:2.18.1]
	at org.apache.maven.surefire.junit4.JUnit4Provider.executeTestSet(JUnit4Provider.java:153) [surefire-junit4-2.18.1.jar:2.18.1]
	at org.apache.maven.surefire.junit4.JUnit4Provider.invoke(JUnit4Provider.java:128) [surefire-junit4-2.18.1.jar:2.18.1]
	at org.apache.maven.surefire.booter.ForkedBooter.invokeProviderInSameClassLoader(ForkedBooter.java:203) [surefire-booter-2.18.1.jar:2.18.1]
	at org.apache.maven.surefire.booter.ForkedBooter.runSuitesInProcess(ForkedBooter.java:155) [surefire-booter-2.18.1.jar:2.18.1]
	at org.apache.maven.surefire.booter.ForkedBooter.main(ForkedBooter.java:103) [surefire-booter-2.18.1.jar:2.18.1]
Caused by: java.lang.IllegalStateException: Failed to execute CommandLineRunner
	at org.springframework.boot.SpringApplication.callRunner(SpringApplication.java:735) ~[spring-boot-1.5.7.RELEASE.jar:1.5.7.RELEASE]
	at org.springframework.boot.SpringApplication.callRunners(SpringApplication.java:716) ~[spring-boot-1.5.7.RELEASE.jar:1.5.7.RELEASE]
	at org.springframework.boot.SpringApplication.afterRefresh(SpringApplication.java:703) ~[spring-boot-1.5.7.RELEASE.jar:1.5.7.RELEASE]
	at org.springframework.boot.SpringApplication.run(SpringApplication.java:304) ~[spring-boot-1.5.7.RELEASE.jar:1.5.7.RELEASE]
	at org.springframework.boot.test.context.SpringBootContextLoader.loadContext(SpringBootContextLoader.java:120) ~[spring-boot-test-1.5.7.RELEASE.jar:1.5.7.RELEASE]
	at org.springframework.test.context.cache.DefaultCacheAwareContextLoaderDelegate.loadContextInternal(DefaultCacheAwareContextLoaderDelegate.java:98) ~[spring-test-4.3.11.RELEASE.jar:4.3.11.RELEASE]
	at org.springframework.test.context.cache.DefaultCacheAwareContextLoaderDelegate.loadContext(DefaultCacheAwareContextLoaderDelegate.java:116) ~[spring-test-4.3.11.RELEASE.jar:4.3.11.RELEASE]
	... 27 common frames omitted
Caused by: org.elasticsearch.index.mapper.MapperParsingException: failed to parse [startdate]
	at org.elasticsearch.index.mapper.FieldMapper.parse(FieldMapper.java:329) ~[elasticsearch-2.4.6.jar:2.4.6]
	at org.elasticsearch.index.mapper.DocumentParser.parseObjectOrField(DocumentParser.java:311) ~[elasticsearch-2.4.6.jar:2.4.6]
	at org.elasticsearch.index.mapper.DocumentParser.parseValue(DocumentParser.java:438) ~[elasticsearch-2.4.6.jar:2.4.6]
	at org.elasticsearch.index.mapper.DocumentParser.parseObject(DocumentParser.java:264) ~[elasticsearch-2.4.6.jar:2.4.6]
	at org.elasticsearch.index.mapper.DocumentParser.parseDocument(DocumentParser.java:124) ~[elasticsearch-2.4.6.jar:2.4.6]
	at org.elasticsearch.index.mapper.DocumentMapper.parse(DocumentMapper.java:309) ~[elasticsearch-2.4.6.jar:2.4.6]
	at org.elasticsearch.index.shard.IndexShard.prepareIndex(IndexShard.java:584) ~[elasticsearch-2.4.6.jar:2.4.6]
	at org.elasticsearch.index.shard.IndexShard.prepareIndexOnPrimary(IndexShard.java:563) ~[elasticsearch-2.4.6.jar:2.4.6]
	at org.elasticsearch.action.index.TransportIndexAction.prepareIndexOperationOnPrimary(TransportIndexAction.java:211) ~[elasticsearch-2.4.6.jar:2.4.6]
	at org.elasticsearch.action.index.TransportIndexAction.executeIndexRequestOnPrimary(TransportIndexAction.java:223) ~[elasticsearch-2.4.6.jar:2.4.6]
	at org.elasticsearch.action.index.TransportIndexAction.shardOperationOnPrimary(TransportIndexAction.java:157) ~[elasticsearch-2.4.6.jar:2.4.6]
[...]
2017-09-21 21:23:02.960  INFO 1705 --- [           main] org.elasticsearch.plugins                : [Marius St. Croix] modules [], plugins [], sites []
--ElasticSearch-->
client.type = transport
cluster.name = elasticsearch
name = Marius St. Croix
network.server = false
node.client = true
transport.ping_schedule = 5s
<--ElasticSearch--
id:698074
subject:test redmine java api
description:chi la test thoi ma
startdate:Tue Sep 19 00:00:00 ICT 2017
duedate:Tue Sep 26 00:00:00 ICT 2017
totalhours:null
project:project cuong test

2017-09-21 21:23:04.528  INFO 1705 --- [           main] utoConfigurationReportLoggingInitializer : 

Error starting ApplicationContext. To display the auto-configuration report re-run your application with 'debug' enabled.
2017-09-21 21:23:04.530 ERROR 1705 --- [           main] o.s.boot.SpringApplication               : Application startup failed

java.lang.IllegalStateException: Failed to execute CommandLineRunner
	at org.springframework.boot.SpringApplication.callRunner(SpringApplication.java:735) ~[spring-boot-1.5.7.RELEASE.jar:1.5.7.RELEASE]
	at org.springframework.boot.SpringApplication.callRunners(SpringApplication.java:716) ~[spring-boot-1.5.7.RELEASE.jar:1.5.7.RELEASE]
	at org.springframework.boot.SpringApplication.afterRefresh(SpringApplication.java:703) ~[spring-boot-1.5.7.RELEASE.jar:1.5.7.RELEASE]
	at org.springframework.boot.SpringApplication.run(SpringApplication.java:304) ~[spring-boot-1.5.7.RELEASE.jar:1.5.7.RELEASE]
	at org.springframework.boot.test.context.SpringBootContextLoader.loadContext(SpringBootContextLoader.java:120) [spring-boot-test-1.5.7.RELEASE.jar:1.5.7.RELEASE]
	at org.springframework.test.context.cache.DefaultCacheAwareContextLoaderDelegate.loadContextInternal(DefaultCacheAwareContextLoaderDelegate.java:98) [spring-test-4.3.11.RELEASE.jar:4.3.11.RELEASE]
	at org.springframework.test.context.cache.DefaultCacheAwareContextLoaderDelegate.loadContext(DefaultCacheAwareContextLoaderDelegate.java:116) [spring-test-4.3.11.RELEASE.jar:4.3.11.RELEASE]
	at org.springframework.test.context.support.DefaultTestContext.getApplicationContext(DefaultTestContext.java:83) [spring-test-4.3.11.RELEASE.jar:4.3.11.RELEASE]
	at org.springframework.boot.test.autoconfigure.SpringBootDependencyInjectionTestExecutionListener.outputConditionEvaluationReport(SpringBootDependencyInjectionTestExecutionListener.java:54) [spring-boot-test-autoconfigure-1.5.7.RELEASE.jar:1.5.7.RELEASE]
	at org.springframework.boot.test.autoconfigure.SpringBootDependencyInjectionTestExecutionListener.prepareTestInstance(SpringBootDependencyInjectionTestExecutionListener.java:47) [spring-boot-test-autoconfigure-1.5.7.RELEASE.jar:1.5.7.RELEASE]
	at org.springframework.test.context.TestContextManager.prepareTestInstance(TestContextManager.java:230) [spring-test-4.3.11.RELEASE.jar:4.3.11.RELEASE]
	at org.springframework.test.context.junit4.SpringJUnit4ClassRunner.createTest(SpringJUnit4ClassRunner.java:228) [spring-test-4.3.11.RELEASE.jar:4.3.11.RELEASE]
	at org.springframework.test.context.junit4.SpringJUnit4ClassRunner$1.runReflectiveCall(SpringJUnit4ClassRunner.java:287) [spring-test-4.3.11.RELEASE.jar:4.3.11.RELEASE]
	at org.junit.internal.runners.model.ReflectiveCallable.run(ReflectiveCallable.java:12) [junit-4.12.jar:4.12]
	at org.springframework.test.context.junit4.SpringJUnit4ClassRunner.methodBlock(SpringJUnit4ClassRunner.java:289) [spring-test-4.3.11.RELEASE.jar:4.3.11.RELEASE]
	at org.springframework.test.context.junit4.SpringJUnit4ClassRunner.runChild(SpringJUnit4ClassRunner.java:247) [spring-test-4.3.11.RELEASE.jar:4.3.11.RELEASE]
	at org.springframework.test.context.junit4.SpringJUnit4ClassRunner.runChild(SpringJUnit4ClassRunner.java:94) [spring-test-4.3.11.RELEASE.jar:4.3.11.RELEASE]
	at org.junit.runners.ParentRunner$3.run(ParentRunner.java:290) [junit-4.12.jar:4.12]
	at org.junit.runners.ParentRunner$1.schedule(ParentRunner.java:71) [junit-4.12.jar:4.12]
	at org.junit.runners.ParentRunner.runChildren(ParentRunner.java:288) [junit-4.12.jar:4.12]
	at org.junit.runners.ParentRunner.access$000(ParentRunner.java:58) [junit-4.12.jar:4.12]
	at org.junit.runners.ParentRunner$2.evaluate(ParentRunner.java:268) [junit-4.12.jar:4.12]
	at org.springframework.test.context.junit4.statements.RunBeforeTestClassCallbacks.evaluate(RunBeforeTestClassCallbacks.java:61) [spring-test-4.3.11.RELEASE.jar:4.3.11.RELEASE]
	at org.springframework.test.context.junit4.statements.RunAfterTestClassCallbacks.evaluate(RunAfterTestClassCallbacks.java:70) [spring-test-4.3.11.RELEASE.jar:4.3.11.RELEASE]
	at org.junit.runners.ParentRunner.run(ParentRunner.java:363) [junit-4.12.jar:4.12]
	at org.springframework.test.context.junit4.SpringJUnit4ClassRunner.run(SpringJUnit4ClassRunner.java:191) [spring-test-4.3.11.RELEASE.jar:4.3.11.RELEASE]
	at org.apache.maven.surefire.junit4.JUnit4Provider.execute(JUnit4Provider.java:283) [surefire-junit4-2.18.1.jar:2.18.1]
	at org.apache.maven.surefire.junit4.JUnit4Provider.executeWithRerun(JUnit4Provider.java:173) [surefire-junit4-2.18.1.jar:2.18.1]
	at org.apache.maven.surefire.junit4.JUnit4Provider.executeTestSet(JUnit4Provider.java:153) [surefire-junit4-2.18.1.jar:2.18.1]
	at org.apache.maven.surefire.junit4.JUnit4Provider.invoke(JUnit4Provider.java:128) [surefire-junit4-2.18.1.jar:2.18.1]
	at org.apache.maven.surefire.booter.ForkedBooter.invokeProviderInSameClassLoader(ForkedBooter.java:203) [surefire-booter-2.18.1.jar:2.18.1]
	at org.apache.maven.surefire.booter.ForkedBooter.runSuitesInProcess(ForkedBooter.java:155) [surefire-booter-2.18.1.jar:2.18.1]
	at org.apache.maven.surefire.booter.ForkedBooter.main(ForkedBooter.java:103) [surefire-booter-2.18.1.jar:2.18.1]
Caused by: org.elasticsearch.index.mapper.MapperParsingException: failed to parse [startdate]
	at org.elasticsearch.index.mapper.FieldMapper.parse(FieldMapper.java:329) ~[elasticsearch-2.4.6.jar:2.4.6]
	at org.elasticsearch.index.mapper.DocumentParser.parseObjectOrField(DocumentParser.java:311) ~[elasticsearch-2.4.6.jar:2.4.6]
	at org.elasticsearch.index.mapper.DocumentParser.parseValue(DocumentParser.java:438) ~[elasticsearch-2.4.6.jar:2.4.6]
	at org.elasticsearch.index.mapper.DocumentParser.parseObject(DocumentParser.java:264) ~[elasticsearch-2.4.6.jar:2.4.6]
	at org.elasticsearch.index.mapper.DocumentParser.parseDocument(DocumentParser.java:124) ~[elasticsearch-2.4.6.jar:2.4.6]
	at org.elasticsearch.index.mapper.DocumentMapper.parse(DocumentMapper.java:309) ~[elasticsearch-2.4.6.jar:2.4.6]
	at org.elasticsearch.index.shard.IndexShard.prepareIndex(IndexShard.java:584) ~[elasticsearch-2.4.6.jar:2.4.6]
	at org.elasticsearch.index.shard.IndexShard.prepareIndexOnPrimary(IndexShard.java:563) ~[elasticsearch-2.4.6.jar:2.4.6]
	at org.elasticsearch.action.index.TransportIndexAction.prepareIndexOperationOnPrimary(TransportIndexAction.java:211) ~[elasticsearch-2.4.6.jar:2.4.6]
	at org.elasticsearch.action.index.TransportIndexAction.executeIndexRequestOnPrimary(TransportIndexAction.java:223) ~[elasticsearch-2.4.6.jar:2.4.6]
	at org.elasticsearch.action.index.TransportIndexAction.shardOperationOnPrimary(TransportIndexAction.java:157) ~[elasticsearch-2.4.6.jar:2.4.6]
	at org.elasticsearch.action.index.TransportIndexAction.shardOperationOnPrimary(TransportIndexAction.java:66) ~[elasticsearch-2.4.6.jar:2.4.6]
	at org.elasticsearch.action.support.replication.TransportReplicationAction$PrimaryPhase.doRun(TransportReplicationAction.java:657) ~[elasticsearch-2.4.6.jar:2.4.6]
	at org.elasticsearch.common.util.concurrent.AbstractRunnable.run(AbstractRunnable.java:37) ~[elasticsearch-2.4.6.jar:2.4.6]
	at org.elasticsearch.action.support.replication.TransportReplicationAction$PrimaryOperationTransportHandler.messageReceived(TransportReplicationAction.java:287) ~[elasticsearch-2.4.6.jar:2.4.6]
	at org.elasticsearch.action.support.replication.TransportReplicationAction$PrimaryOperationTransportHandler.messageReceived(TransportReplicationAction.java:279) ~[elasticsearch-2.4.6.jar:2.4.6]
	at org.elasticsearch.transport.RequestHandlerRegistry.processMessageReceived(RequestHandlerRegistry.java:77) ~[elasticsearch-2.4.6.jar:2.4.6]
	at org.elasticsearch.transport.TransportService$4.doRun(TransportService.java:378) ~[elasticsearch-2.4.6.jar:2.4.6]
	at org.elasticsearch.common.util.concurrent.AbstractRunnable.run(AbstractRunnable.java:37) ~[elasticsearch-2.4.6.jar:2.4.6]
	at java.util.concurrent.ThreadPoolExecutor.runWorker(ThreadPoolExecutor.java:1149) ~[na:1.8.0_144]
	at java.util.concurrent.ThreadPoolExecutor$Worker.run(ThreadPoolExecutor.java:624) ~[na:1.8.0_144]
	at java.lang.Thread.run(Thread.java:748) ~[na:1.8.0_144]
Caused by: java.lang.IllegalArgumentException: Invalid format: "Tue Sep 19 00:00:00 ICT 2017"
	at org.joda.time.format.DateTimeParserBucket.doParseMillis(DateTimeParserBucket.java:187) ~[joda-time-2.9.9.jar:2.9.9]
	at org.joda.time.format.DateTimeFormatter.parseMillis(DateTimeFormatter.java:826) ~[joda-time-2.9.9.jar:2.9.9]
	at org.elasticsearch.index.mapper.core.DateFieldMapper$DateFieldType.parseStringValue(DateFieldMapper.java:366) ~[elasticsearch-2.4.6.jar:2.4.6]
	at org.elasticsearch.index.mapper.core.DateFieldMapper.innerParseCreateField(DateFieldMapper.java:534) ~[elasticsearch-2.4.6.jar:2.4.6]
	at org.elasticsearch.index.mapper.core.NumberFieldMapper.parseCreateField(NumberFieldMapper.java:241) ~[elasticsearch-2.4.6.jar:2.4.6]
	at org.elasticsearch.index.mapper.FieldMapper.parse(FieldMapper.java:321) ~[elasticsearch-2.4.6.jar:2.4.6]
	... 21 common frames omitted

2017-09-21 21:23:04.530  INFO 1705 --- [           main] s.c.a.AnnotationConfigApplicationContext : Closing org.springframework.context.annotation.AnnotationConfigApplicationContext@6fa2a006: startup date [Thu Sep 21 21:23:02 ICT 2017]; root of context hierarchy
2017-09-21 21:23:04.536 ERROR 1705 --- [           main] o.s.test.context.TestContextManager      : Caught exception while allowing TestExecutionListener [org.springframework.boot.test.autoconfigure.SpringBootDependencyInjectionTestExecutionListener@43d7741f] to prepare test instance [cuong.MyIssueServiceTest@598e5cb8]

java.lang.IllegalStateException: Failed to load ApplicationContext
	at org.springframework.test.context.cache.DefaultCacheAwareContextLoaderDelegate.loadContext(DefaultCacheAwareContextLoaderDelegate.java:124) ~[spring-test-4.3.11.RELEASE.jar:4.3.11.RELEASE]
	at org.springframework.test.context.support.DefaultTestContext.getApplicationContext(DefaultTestContext.java:83) ~[spring-test-4.3.11.RELEASE.jar:4.3.11.RELEASE]
	at org.springframework.test.context.support.DependencyInjectionTestExecutionListener.injectDependencies(DependencyInjectionTestExecutionListener.java:117) ~[spring-test-4.3.11.RELEASE.jar:4.3.11.RELEASE]
	at org.springframework.test.context.support.DependencyInjectionTestExecutionListener.prepareTestInstance(DependencyInjectionTestExecutionListener.java:83) ~[spring-test-4.3.11.RELEASE.jar:4.3.11.RELEASE]
	at org.springframework.boot.test.autoconfigure.SpringBootDependencyInjectionTestExecutionListener.prepareTestInstance(SpringBootDependencyInjectionTestExecutionListener.java:44) ~[spring-boot-test-autoconfigure-1.5.7.RELEASE.jar:1.5.7.RELEASE]
	at org.springframework.test.context.TestContextManager.prepareTestInstance(TestContextManager.java:230) ~[spring-test-4.3.11.RELEASE.jar:4.3.11.RELEASE]
	at org.springframework.test.context.junit4.SpringJUnit4ClassRunner.createTest(SpringJUnit4ClassRunner.java:228) [spring-test-4.3.11.RELEASE.jar:4.3.11.RELEASE]
	at org.springframework.test.context.junit4.SpringJUnit4ClassRunner$1.runReflectiveCall(SpringJUnit4ClassRunner.java:287) [spring-test-4.3.11.RELEASE.jar:4.3.11.RELEASE]
	at org.junit.internal.runners.model.ReflectiveCallable.run(ReflectiveCallable.java:12) [junit-4.12.jar:4.12]
	at org.springframework.test.context.junit4.SpringJUnit4ClassRunner.methodBlock(SpringJUnit4ClassRunner.java:289) [spring-test-4.3.11.RELEASE.jar:4.3.11.RELEASE]
	at org.springframework.test.context.junit4.SpringJUnit4ClassRunner.runChild(SpringJUnit4ClassRunner.java:247) [spring-test-4.3.11.RELEASE.jar:4.3.11.RELEASE]
	at org.springframework.test.context.junit4.SpringJUnit4ClassRunner.runChild(SpringJUnit4ClassRunner.java:94) [spring-test-4.3.11.RELEASE.jar:4.3.11.RELEASE]
	at org.junit.runners.ParentRunner$3.run(ParentRunner.java:290) [junit-4.12.jar:4.12]
	at org.junit.runners.ParentRunner$1.schedule(ParentRunner.java:71) [junit-4.12.jar:4.12]
	at org.junit.runners.ParentRunner.runChildren(ParentRunner.java:288) [junit-4.12.jar:4.12]
	at org.junit.runners.ParentRunner.access$000(ParentRunner.java:58) [junit-4.12.jar:4.12]
	at org.junit.runners.ParentRunner$2.evaluate(ParentRunner.java:268) [junit-4.12.jar:4.12]
	at org.springframework.test.context.junit4.statements.RunBeforeTestClassCallbacks.evaluate(RunBeforeTestClassCallbacks.java:61) [spring-test-4.3.11.RELEASE.jar:4.3.11.RELEASE]
	at org.springframework.test.context.junit4.statements.RunAfterTestClassCallbacks.evaluate(RunAfterTestClassCallbacks.java:70) [spring-test-4.3.11.RELEASE.jar:4.3.11.RELEASE]
	at org.junit.runners.ParentRunner.run(ParentRunner.java:363) [junit-4.12.jar:4.12]
	at org.springframework.test.context.junit4.SpringJUnit4ClassRunner.run(SpringJUnit4ClassRunner.java:191) [spring-test-4.3.11.RELEASE.jar:4.3.11.RELEASE]
	at org.apache.maven.surefire.junit4.JUnit4Provider.execute(JUnit4Provider.java:283) [surefire-junit4-2.18.1.jar:2.18.1]
	at org.apache.maven.surefire.junit4.JUnit4Provider.executeWithRerun(JUnit4Provider.java:173) [surefire-junit4-2.18.1.jar:2.18.1]
	at org.apache.maven.surefire.junit4.JUnit4Provider.executeTestSet(JUnit4Provider.java:153) [surefire-junit4-2.18.1.jar:2.18.1]
	at org.apache.maven.surefire.junit4.JUnit4Provider.invoke(JUnit4Provider.java:128) [surefire-junit4-2.18.1.jar:2.18.1]
	at org.apache.maven.surefire.booter.ForkedBooter.invokeProviderInSameClassLoader(ForkedBooter.java:203) [surefire-booter-2.18.1.jar:2.18.1]
	at org.apache.maven.surefire.booter.ForkedBooter.runSuitesInProcess(ForkedBooter.java:155) [surefire-booter-2.18.1.jar:2.18.1]
	at org.apache.maven.surefire.booter.ForkedBooter.main(ForkedBooter.java:103) [surefire-booter-2.18.1.jar:2.18.1]
Caused by: java.lang.IllegalStateException: Failed to execute CommandLineRunner
	at org.springframework.boot.SpringApplication.callRunner(SpringApplication.java:735) ~[spring-boot-1.5.7.RELEASE.jar:1.5.7.RELEASE]
	at org.springframework.boot.SpringApplication.callRunners(SpringApplication.java:716) ~[spring-boot-1.5.7.RELEASE.jar:1.5.7.RELEASE]
	at org.springframework.boot.SpringApplication.afterRefresh(SpringApplication.java:703) ~[spring-boot-1.5.7.RELEASE.jar:1.5.7.RELEASE]
	at org.springframework.boot.SpringApplication.run(SpringApplication.java:304) ~[spring-boot-1.5.7.RELEASE.jar:1.5.7.RELEASE]
	at org.springframework.boot.test.context.SpringBootContextLoader.loadContext(SpringBootContextLoader.java:120) ~[spring-boot-test-1.5.7.RELEASE.jar:1.5.7.RELEASE]
	at org.springframework.test.context.cache.DefaultCacheAwareContextLoaderDelegate.loadContextInternal(DefaultCacheAwareContextLoaderDelegate.java:98) ~[spring-test-4.3.11.RELEASE.jar:4.3.11.RELEASE]
	at org.springframework.test.context.cache.DefaultCacheAwareContextLoaderDelegate.loadContext(DefaultCacheAwareContextLoaderDelegate.java:116) ~[spring-test-4.3.11.RELEASE.jar:4.3.11.RELEASE]
	... 27 common frames omitted
Caused by: org.elasticsearch.index.mapper.MapperParsingException: failed to parse [startdate]
	at org.elasticsearch.index.mapper.FieldMapper.parse(FieldMapper.java:329) ~[elasticsearch-2.4.6.jar:2.4.6]
	at org.elasticsearch.index.mapper.DocumentParser.parseObjectOrField(DocumentParser.java:311) ~[elasticsearch-2.4.6.jar:2.4.6]
	at org.elasticsearch.index.mapper.DocumentParser.parseValue(DocumentParser.java:438) ~[elasticsearch-2.4.6.jar:2.4.6]
	at org.elasticsearch.index.mapper.DocumentParser.parseObject(DocumentParser.java:264) ~[elasticsearch-2.4.6.jar:2.4.6]
	at org.elasticsearch.index.mapper.DocumentParser.parseDocument(DocumentParser.java:124) ~[elasticsearch-2.4.6.jar:2.4.6]
	at org.elasticsearch.index.mapper.DocumentMapper.parse(DocumentMapper.java:309) ~[elasticsearch-2.4.6.jar:2.4.6]
	at org.elasticsearch.index.shard.IndexShard.prepareIndex(IndexShard.java:584) ~[elasticsearch-2.4.6.jar:2.4.6]
	at org.elasticsearch.index.shard.IndexShard.prepareIndexOnPrimary(IndexShard.java:563) ~[elasticsearch-2.4.6.jar:2.4.6]
	at org.elasticsearch.action.index.TransportIndexAction.prepareIndexOperationOnPrimary(TransportIndexAction.java:211) ~[elasticsearch-2.4.6.jar:2.4.6]
	at org.elasticsearch.action.index.TransportIndexAction.executeIndexRequestOnPrimary(TransportIndexAction.java:223) ~[elasticsearch-2.4.6.jar:2.4.6]
	at org.elasticsearch.action.index.TransportIndexAction.shardOperationOnPrimary(TransportIndexAction.java:157) ~[elasticsearch-2.4.6.jar:2.4.6]
	at org.elasticsearch.action.index.TransportIndexAction.shardOperationOnPrimary(TransportIndexAction.java:66) ~[elasticsearch-2.4.6.jar:2.4.6]
	at org.elasticsearch.action.support.replication.TransportReplicationAction$PrimaryPhase.doRun(TransportReplicationAction.java:657) ~[elasticsearch-2.4.6.jar:2.4.6]
	at org.elasticsearch.common.util.concurrent.AbstractRunnable.run(AbstractRunnable.java:37) ~[elasticsearch-2.4.6.jar:2.4.6]
	at org.elasticsearch.action.support.replication.TransportReplicationAction$PrimaryOperationTransportHandler.messageReceived(TransportReplicationAction.java:287) ~[elasticsearch-2.4.6.jar:2.4.6]
	at org.elasticsearch.action.support.replication.TransportReplicationAction$PrimaryOperationTransportHandler.messageReceived(TransportReplicationAction.java:279) ~[elasticsearch-2.4.6.jar:2.4.6]
	at org.elasticsearch.transport.RequestHandlerRegistry.processMessageReceived(RequestHandlerRegistry.java:77) ~[elasticsearch-2.4.6.jar:2.4.6]
	at org.elasticsearch.transport.TransportService$4.doRun(TransportService.java:378) ~[elasticsearch-2.4.6.jar:2.4.6]
	at org.elasticsearch.common.util.concurrent.AbstractRunnable.run(AbstractRunnable.java:37) ~[elasticsearch-2.4.6.jar:2.4.6]
	at java.util.concurrent.ThreadPoolExecutor.runWorker(ThreadPoolExecutor.java:1149) ~[na:1.8.0_144]
	at java.util.concurrent.ThreadPoolExecutor$Worker.run(ThreadPoolExecutor.java:624) ~[na:1.8.0_144]
	at java.lang.Thread.run(Thread.java:748) ~[na:1.8.0_144]
Caused by: java.lang.IllegalArgumentException: Invalid format: "Tue Sep 19 00:00:00 ICT 2017"
	at org.joda.time.format.DateTimeParserBucket.doParseMillis(DateTimeParserBucket.java:187) ~[joda-time-2.9.9.jar:2.9.9]
	at org.joda.time.format.DateTimeFormatter.parseMillis(DateTimeFormatter.java:826) ~[joda-time-2.9.9.jar:2.9.9]
	at org.elasticsearch.index.mapper.core.DateFieldMapper$DateFieldType.parseStringValue(DateFieldMapper.java:366) ~[elasticsearch-2.4.6.jar:2.4.6]
	at org.elasticsearch.index.mapper.core.DateFieldMapper.innerParseCreateField(DateFieldMapper.java:534) ~[elasticsearch-2.4.6.jar:2.4.6]
	at org.elasticsearch.index.mapper.core.NumberFieldMapper.parseCreateField(NumberFieldMapper.java:241) ~[elasticsearch-2.4.6.jar:2.4.6]
	at org.elasticsearch.index.mapper.FieldMapper.parse(FieldMapper.java:321) ~[elasticsearch-2.4.6.jar:2.4.6]
	... 21 common frames omitted

]]></system-out>
  </testcase>
</testsuite>